[   49647ms] [INFO] %cDownload the React DevTools for a better development experience: https://reactjs.org/link/react-devtools font-weight:bold @ webpack-internal:///(app-pages-browser)/./node_modules/next/dist/compiled/react-dom/cjs/react-dom.development.js:38559
[   50792ms] [INFO] [ModelSelect] fetch attempt start {attempt: 0, sessionId: 48c3cdf7-70dc-4c8c-a171-b72c193d44bf, clientId: e5df8d7f-b204-4e15-a519-3d5c14d2f11a} @ webpack-internal:///(app-pages-browser)/./components/control-bar/model-select.tsx:62
[   50800ms] [INFO] [ModelSelect] fetch attempt start {attempt: 0, sessionId: 48c3cdf7-70dc-4c8c-a171-b72c193d44bf, clientId: e5df8d7f-b204-4e15-a519-3d5c14d2f11a} @ webpack-internal:///(app-pages-browser)/./components/control-bar/model-select.tsx:62
[   51735ms] [WARNING] ./node_modules/@metamask/sdk/dist/browser/es/metamask-sdk.js
Module not found: Can't resolve '@react-native-async-storage/async-storage' in '/Users/gordianetim/Downloads/aomi/node_modules/@metamask/sdk/dist/browser/es' @ webpack-internal:///(app-pages-browser)/./node_modules/next/dist/client/components/react-dev-overlay/app/hot-reloader-client.js:226
[   51735ms] [WARNING] ./node_modules/viem/node_modules/ox/_esm/tempo/internal/virtualMasterPool.js
Critical dependency: the request of a dependency is an expression @ webpack-internal:///(app-pages-browser)/./node_modules/next/dist/client/components/react-dev-overlay/app/hot-reloader-client.js:226
[   51764ms] [ERROR] Failed to load resource: the server responded with a status of 404 (Not Found) @ http://localhost:3004/favicon.ico:0
[   52579ms] [ERROR] Access to fetch at 'https://api.aomi.dev/api/state?client_id=e5df8d7f-b204-4e15-a519-3d5c14d2f11a' from origin 'http://localhost:3004' has been blocked by CORS policy: Response to preflight request doesn't pass access control check: No 'Access-Control-Allow-Origin' header is present on the requested resource. @ http://localhost:3004/:0
[   52580ms] [ERROR] Failed to load resource: net::ERR_FAILED @ https://api.aomi.dev/api/state?client_id=e5df8d7f-b204-4e15-a519-3d5c14d2f11a:0
[   52581ms] [ERROR] [ModelSelect] bootstrapSessionState failed {attempt: 0, sessionId: 48c3cdf7-70dc-4c8c-a171-b72c193d44bf, clientId: e5df8d7f-b204-4e15-a519-3d5c14d2f11a, error: TypeError: Failed to fetch
    at bootstrapSessionState (webpack-internal:///(app-pages-browser)/./…} @ webpack-internal:///(app-pages-browser)/./node_modules/next/dist/client/app-index.js:32
[   52582ms] [ERROR] Access to fetch at 'https://api.aomi.dev/api/state?client_id=e5df8d7f-b204-4e15-a519-3d5c14d2f11a' from origin 'http://localhost:3004' has been blocked by CORS policy: Response to preflight request doesn't pass access control check: No 'Access-Control-Allow-Origin' header is present on the requested resource. @ http://localhost:3004/:0
[   52582ms] [ERROR] Failed to load resource: net::ERR_FAILED @ https://api.aomi.dev/api/state?client_id=e5df8d7f-b204-4e15-a519-3d5c14d2f11a:0
[   52582ms] [ERROR] [ModelSelect] bootstrapSessionState failed {attempt: 0, sessionId: 48c3cdf7-70dc-4c8c-a171-b72c193d44bf, clientId: e5df8d7f-b204-4e15-a519-3d5c14d2f11a, error: TypeError: Failed to fetch
    at bootstrapSessionState (webpack-internal:///(app-pages-browser)/./…} @ webpack-internal:///(app-pages-browser)/./node_modules/next/dist/client/app-index.js:32
[   96806ms] [INFO] [ModelSelect] getAuthorizedApps result {attempt: 0, sessionId: 48c3cdf7-70dc-4c8c-a171-b72c193d44bf, count: 26, apps: Array(26)} @ webpack-internal:///(app-pages-browser)/./components/control-bar/model-select.tsx:85
[   96984ms] [INFO] [ModelSelect] getAuthorizedApps result {attempt: 0, sessionId: 48c3cdf7-70dc-4c8c-a171-b72c193d44bf, count: 26, apps: Array(26)} @ webpack-internal:///(app-pages-browser)/./components/control-bar/model-select.tsx:85
[   97347ms] [INFO] [ModelSelect] getAvailableModels result {attempt: 0, sessionId: 48c3cdf7-70dc-4c8c-a171-b72c193d44bf, count: 15, models: Array(15)} @ webpack-internal:///(app-pages-browser)/./components/control-bar/model-select.tsx:100
[   97864ms] [INFO] [ModelSelect] getAvailableModels result {attempt: 0, sessionId: 48c3cdf7-70dc-4c8c-a171-b72c193d44bf, count: 15, models: Array(15)} @ webpack-internal:///(app-pages-browser)/./components/control-bar/model-select.tsx:100
[  228976ms] [LOG] [Fast Refresh] rebuilding @ webpack-internal:///(app-pages-browser)/./node_modules/next/dist/client/components/react-dev-overlay/app/hot-reloader-client.js:186
[  241181ms] [WARNING] ./node_modules/@metamask/sdk/dist/browser/es/metamask-sdk.js
Module not found: Can't resolve '@react-native-async-storage/async-storage' in '/Users/gordianetim/Downloads/aomi/node_modules/@metamask/sdk/dist/browser/es'

Import trace for requested module:
./node_modules/@metamask/sdk/dist/browser/es/metamask-sdk.js
./node_modules/@wagmi/connectors/dist/esm/metaMask.js
./node_modules/@wagmi/connectors/dist/esm/exports/index.js
./node_modules/wagmi/dist/esm/exports/connectors.js
./node_modules/@getpara/evm-wallet-connectors/dist/wallets/connectors/coinbase/coinbase.js
./node_modules/@getpara/evm-wallet-connectors/dist/wallets/connectors/index.js
./node_modules/@getpara/evm-wallet-connectors/dist/index.js
./node_modules/@getpara/react-sdk-lite/dist/provider/external/getParaEvmLib.js
./node_modules/@getpara/react-sdk-lite/dist/provider/external/getParaEvmConnector.js
./node_modules/@getpara/react-sdk-lite/dist/provider/providers/EvmExternalWalletProvider.js
./node_modules/@getpara/react-sdk-lite/dist/provider/components/EvmWalletWrapper.js
./node_modules/@getpara/react-sdk-lite/dist/provider/components/ExternalWalletWrapper.js
./node_modules/@getpara/react-sdk-lite/dist/provider/ParaProviderMin.js
./node_modules/@getpara/react-sdk-lite/dist/provider/index.js
./node_modules/@getpara/react-sdk-lite/dist/index.js
./components/app-providers.tsx @ webpack-internal:///(app-pages-browser)/./node_modules/next/dist/client/components/react-dev-overlay/app/hot-reloader-client.js:226
[  241183ms] [WARNING] ./node_modules/viem/node_modules/ox/_esm/tempo/internal/virtualMasterPool.js
Critical dependency: the request of a dependency is an expression

Import trace for requested module:
./node_modules/viem/node_modules/ox/_esm/tempo/internal/virtualMasterPool.js
./node_modules/viem/node_modules/ox/_esm/tempo/VirtualMaster.js
./node_modules/viem/node_modules/ox/_esm/tempo/index.js
./node_modules/viem/_esm/tempo/chainConfig.js
./node_modules/viem/_esm/chains/definitions/tempo.js
./node_modules/viem/_esm/chains/index.js
./components/app-providers.tsx @ webpack-internal:///(app-pages-browser)/./node_modules/next/dist/client/components/react-dev-overlay/app/hot-reloader-client.js:226
[  241453ms] [LOG] [Fast Refresh] done in 12478ms @ webpack-internal:///(app-pages-browser)/./node_modules/next/dist/client/components/react-dev-overlay/app/hot-reloader-client.js:43
[  290250ms] [LOG] [Fast Refresh] rebuilding @ webpack-internal:///(app-pages-browser)/./node_modules/next/dist/client/components/react-dev-overlay/app/hot-reloader-client.js:186
[  292588ms] [WARNING] ./node_modules/@metamask/sdk/dist/browser/es/metamask-sdk.js
Module not found: Can't resolve '@react-native-async-storage/async-storage' in '/Users/gordianetim/Downloads/aomi/node_modules/@metamask/sdk/dist/browser/es'

Import trace for requested module:
./node_modules/@metamask/sdk/dist/browser/es/metamask-sdk.js
./node_modules/@wagmi/connectors/dist/esm/metaMask.js
./node_modules/@wagmi/connectors/dist/esm/exports/index.js
./node_modules/wagmi/dist/esm/exports/connectors.js
./node_modules/@getpara/evm-wallet-connectors/dist/wallets/connectors/coinbase/coinbase.js
./node_modules/@getpara/evm-wallet-connectors/dist/wallets/connectors/index.js
./node_modules/@getpara/evm-wallet-connectors/dist/index.js
./node_modules/@getpara/react-sdk-lite/dist/provider/external/getParaEvmLib.js
./node_modules/@getpara/react-sdk-lite/dist/provider/external/getParaEvmConnector.js
./node_modules/@getpara/react-sdk-lite/dist/provider/providers/EvmExternalWalletProvider.js
./node_modules/@getpara/react-sdk-lite/dist/provider/components/EvmWalletWrapper.js
./node_modules/@getpara/react-sdk-lite/dist/provider/components/ExternalWalletWrapper.js
./node_modules/@getpara/react-sdk-lite/dist/provider/ParaProviderMin.js
./node_modules/@getpara/react-sdk-lite/dist/provider/index.js
./node_modules/@getpara/react-sdk-lite/dist/index.js
./components/app-providers.tsx @ webpack-internal:///(app-pages-browser)/./node_modules/next/dist/client/components/react-dev-overlay/app/hot-reloader-client.js:226
[  292588ms] [WARNING] ./node_modules/viem/node_modules/ox/_esm/tempo/internal/virtualMasterPool.js
Critical dependency: the request of a dependency is an expression

Import trace for requested module:
./node_modules/viem/node_modules/ox/_esm/tempo/internal/virtualMasterPool.js
./node_modules/viem/node_modules/ox/_esm/tempo/VirtualMaster.js
./node_modules/viem/node_modules/ox/_esm/tempo/index.js
./node_modules/viem/_esm/tempo/chainConfig.js
./node_modules/viem/_esm/chains/definitions/tempo.js
./node_modules/viem/_esm/chains/index.js
./components/app-providers.tsx @ webpack-internal:///(app-pages-browser)/./node_modules/next/dist/client/components/react-dev-overlay/app/hot-reloader-client.js:226
[  292652ms] [LOG] [Fast Refresh] done in 2402ms @ webpack-internal:///(app-pages-browser)/./node_modules/next/dist/client/components/react-dev-overlay/app/hot-reloader-client.js:43
[  359512ms] [LOG] [Fast Refresh] rebuilding @ webpack-internal:///(app-pages-browser)/./node_modules/next/dist/client/components/react-dev-overlay/app/hot-reloader-client.js:186
[  368959ms] [WARNING] ./node_modules/@metamask/sdk/dist/browser/es/metamask-sdk.js
Module not found: Can't resolve '@react-native-async-storage/async-storage' in '/Users/gordianetim/Downloads/aomi/node_modules/@metamask/sdk/dist/browser/es'

Import trace for requested module:
./node_modules/@metamask/sdk/dist/browser/es/metamask-sdk.js
./node_modules/@wagmi/connectors/dist/esm/metaMask.js
./node_modules/@wagmi/connectors/dist/esm/exports/index.js
./node_modules/wagmi/dist/esm/exports/connectors.js
./node_modules/@getpara/evm-wallet-connectors/dist/wallets/connectors/coinbase/coinbase.js
./node_modules/@getpara/evm-wallet-connectors/dist/wallets/connectors/index.js
./node_modules/@getpara/evm-wallet-connectors/dist/index.js
./node_modules/@getpara/react-sdk-lite/dist/provider/external/getParaEvmLib.js
./node_modules/@getpara/react-sdk-lite/dist/provider/external/getParaEvmConnector.js
./node_modules/@getpara/react-sdk-lite/dist/provider/providers/EvmExternalWalletProvider.js
./node_modules/@getpara/react-sdk-lite/dist/provider/components/EvmWalletWrapper.js
./node_modules/@getpara/react-sdk-lite/dist/provider/components/ExternalWalletWrapper.js
./node_modules/@getpara/react-sdk-lite/dist/provider/ParaProviderMin.js
./node_modules/@getpara/react-sdk-lite/dist/provider/index.js
./node_modules/@getpara/react-sdk-lite/dist/index.js
./components/app-providers.tsx @ webpack-internal:///(app-pages-browser)/./node_modules/next/dist/client/components/react-dev-overlay/app/hot-reloader-client.js:226
[  368960ms] [WARNING] ./node_modules/viem/node_modules/ox/_esm/tempo/internal/virtualMasterPool.js
Critical dependency: the request of a dependency is an expression

Import trace for requested module:
./node_modules/viem/node_modules/ox/_esm/tempo/internal/virtualMasterPool.js
./node_modules/viem/node_modules/ox/_esm/tempo/VirtualMaster.js
./node_modules/viem/node_modules/ox/_esm/tempo/index.js
./node_modules/viem/_esm/tempo/chainConfig.js
./node_modules/viem/_esm/chains/definitions/tempo.js
./node_modules/viem/_esm/chains/index.js
./components/app-providers.tsx @ webpack-internal:///(app-pages-browser)/./node_modules/next/dist/client/components/react-dev-overlay/app/hot-reloader-client.js:226
[  369272ms] [LOG] [Fast Refresh] done in 9759ms @ webpack-internal:///(app-pages-browser)/./node_modules/next/dist/client/components/react-dev-overlay/app/hot-reloader-client.js:43
[  393596ms] [LOG] [Fast Refresh] rebuilding @ webpack-internal:///(app-pages-browser)/./node_modules/next/dist/client/components/react-dev-overlay/app/hot-reloader-client.js:186
[  404207ms] [WARNING] ./node_modules/@metamask/sdk/dist/browser/es/metamask-sdk.js
Module not found: Can't resolve '@react-native-async-storage/async-storage' in '/Users/gordianetim/Downloads/aomi/node_modules/@metamask/sdk/dist/browser/es'

Import trace for requested module:
./node_modules/@metamask/sdk/dist/browser/es/metamask-sdk.js
./node_modules/@wagmi/connectors/dist/esm/metaMask.js
./node_modules/@wagmi/connectors/dist/esm/exports/index.js
./node_modules/wagmi/dist/esm/exports/connectors.js
./node_modules/@getpara/evm-wallet-connectors/dist/wallets/connectors/coinbase/coinbase.js
./node_modules/@getpara/evm-wallet-connectors/dist/wallets/connectors/index.js
./node_modules/@getpara/evm-wallet-connectors/dist/index.js
./node_modules/@getpara/react-sdk-lite/dist/provider/external/getParaEvmLib.js
./node_modules/@getpara/react-sdk-lite/dist/provider/external/getParaEvmConnector.js
./node_modules/@getpara/react-sdk-lite/dist/provider/providers/EvmExternalWalletProvider.js
./node_modules/@getpara/react-sdk-lite/dist/provider/components/EvmWalletWrapper.js
./node_modules/@getpara/react-sdk-lite/dist/provider/components/ExternalWalletWrapper.js
./node_modules/@getpara/react-sdk-lite/dist/provider/ParaProviderMin.js
./node_modules/@getpara/react-sdk-lite/dist/provider/index.js
./node_modules/@getpara/react-sdk-lite/dist/index.js
./components/app-providers.tsx @ webpack-internal:///(app-pages-browser)/./node_modules/next/dist/client/components/react-dev-overlay/app/hot-reloader-client.js:226
[  404208ms] [WARNING] ./node_modules/viem/node_modules/ox/_esm/tempo/internal/virtualMasterPool.js
Critical dependency: the request of a dependency is an expression

Import trace for requested module:
./node_modules/viem/node_modules/ox/_esm/tempo/internal/virtualMasterPool.js
./node_modules/viem/node_modules/ox/_esm/tempo/VirtualMaster.js
./node_modules/viem/node_modules/ox/_esm/tempo/index.js
./node_modules/viem/_esm/tempo/chainConfig.js
./node_modules/viem/_esm/chains/definitions/tempo.js
./node_modules/viem/_esm/chains/index.js
./components/app-providers.tsx @ webpack-internal:///(app-pages-browser)/./node_modules/next/dist/client/components/react-dev-overlay/app/hot-reloader-client.js:226
[  404589ms] [LOG] [Fast Refresh] done in 10993ms @ webpack-internal:///(app-pages-browser)/./node_modules/next/dist/client/components/react-dev-overlay/app/hot-reloader-client.js:43
[  585391ms] [LOG] [Fast Refresh] rebuilding @ webpack-internal:///(app-pages-browser)/./node_modules/next/dist/client/components/react-dev-overlay/app/hot-reloader-client.js:186
[  671554ms] [WARNING] ./node_modules/viem/node_modules/ox/_esm/tempo/internal/virtualMasterPool.js
Critical dependency: the request of a dependency is an expression

Import trace for requested module:
./node_modules/viem/node_modules/ox/_esm/tempo/internal/virtualMasterPool.js
./node_modules/viem/node_modules/ox/_esm/tempo/VirtualMaster.js
./node_modules/viem/node_modules/ox/_esm/tempo/index.js
./node_modules/viem/_esm/tempo/chainConfig.js
./node_modules/viem/_esm/chains/definitions/tempo.js
./node_modules/viem/_esm/chains/index.js
./components/app-providers.tsx @ webpack-internal:///(app-pages-browser)/./node_modules/next/dist/client/components/react-dev-overlay/app/hot-reloader-client.js:226
[  671954ms] [LOG] [Fast Refresh] done in 86564ms @ webpack-internal:///(app-pages-browser)/./node_modules/next/dist/client/components/react-dev-overlay/app/hot-reloader-client.js:43
[  718677ms] [LOG] [Fast Refresh] rebuilding @ webpack-internal:///(app-pages-browser)/./node_modules/next/dist/client/components/react-dev-overlay/app/hot-reloader-client.js:186
[  733493ms] [WARNING] ./node_modules/viem/node_modules/ox/_esm/tempo/internal/virtualMasterPool.js
Critical dependency: the request of a dependency is an expression

Import trace for requested module:
./node_modules/viem/node_modules/ox/_esm/tempo/internal/virtualMasterPool.js
./node_modules/viem/node_modules/ox/_esm/tempo/VirtualMaster.js
./node_modules/viem/node_modules/ox/_esm/tempo/index.js
./node_modules/viem/_esm/tempo/chainConfig.js
./node_modules/viem/_esm/chains/definitions/tempo.js
./node_modules/viem/_esm/chains/index.js
./components/app-providers.tsx @ webpack-internal:///(app-pages-browser)/./node_modules/next/dist/client/components/react-dev-overlay/app/hot-reloader-client.js:226
[  733726ms] [LOG] [Fast Refresh] done in 15049ms @ webpack-internal:///(app-pages-browser)/./node_modules/next/dist/client/components/react-dev-overlay/app/hot-reloader-client.js:43
[  736742ms] [WARNING] The resource http://localhost:3004/_next/static/css/app/page.css?v=1777174060966 was preloaded using link preload but not used within a few seconds from the window's load event. Please make sure it has an appropriate `as` value and it is preloaded intentionally. @ http://localhost:3004/:0
[  736742ms] [WARNING] The resource http://localhost:3004/_next/static/css/app/layout.css?v=1777174060966 was preloaded using link preload but not used within a few seconds from the window's load event. Please make sure it has an appropriate `as` value and it is preloaded intentionally. @ http://localhost:3004/:0
[  739986ms] [ERROR] Failed to load resource: the server responded with a status of 404 (Not Found) @ http://localhost:3004/_next/static/css/app/layout.css?v=1777174060966:0
[  739988ms] [ERROR] Failed to load resource: the server responded with a status of 404 (Not Found) @ http://localhost:3004/_next/static/css/app/page.css?v=1777174060966:0
[  740392ms] Event
[  740392ms] Event
[  830652ms] [LOG] [Fast Refresh] rebuilding @ webpack-internal:///(app-pages-browser)/./node_modules/next/dist/client/components/react-dev-overlay/app/hot-reloader-client.js:186
[  947693ms] [WARNING] ./node_modules/viem/node_modules/ox/_esm/tempo/internal/virtualMasterPool.js
Critical dependency: the request of a dependency is an expression

Import trace for requested module:
./node_modules/viem/node_modules/ox/_esm/tempo/internal/virtualMasterPool.js
./node_modules/viem/node_modules/ox/_esm/tempo/VirtualMaster.js
./node_modules/viem/node_modules/ox/_esm/tempo/index.js
./node_modules/viem/_esm/tempo/chainConfig.js
./node_modules/viem/_esm/chains/definitions/tempo.js
./node_modules/viem/_esm/chains/index.js
./node_modules/@aomi-labs/client/dist/index.js
./lib/services/tradeIntentService.ts
./app/page.tsx @ webpack-internal:///(app-pages-browser)/./node_modules/next/dist/client/components/react-dev-overlay/app/hot-reloader-client.js:226
[  948271ms] [LOG] [Fast Refresh] done in 117621ms @ webpack-internal:///(app-pages-browser)/./node_modules/next/dist/client/components/react-dev-overlay/app/hot-reloader-client.js:43
[  949862ms] [LOG] [Fast Refresh] rebuilding @ webpack-internal:///(app-pages-browser)/./node_modules/next/dist/client/components/react-dev-overlay/app/hot-reloader-client.js:186
[  952825ms] [WARNING] The resource http://localhost:3004/_next/static/css/app/page.css?v=1777174291894 was preloaded using link preload but not used within a few seconds from the window's load event. Please make sure it has an appropriate `as` value and it is preloaded intentionally. @ http://localhost:3004/:0
[  952825ms] [WARNING] The resource http://localhost:3004/_next/static/css/app/layout.css?v=1777174291894 was preloaded using link preload but not used within a few seconds from the window's load event. Please make sure it has an appropriate `as` value and it is preloaded intentionally. @ http://localhost:3004/:0
[  990924ms] [WARNING] ./node_modules/viem/node_modules/ox/_esm/tempo/internal/virtualMasterPool.js
Critical dependency: the request of a dependency is an expression

Import trace for requested module:
./node_modules/viem/node_modules/ox/_esm/tempo/internal/virtualMasterPool.js
./node_modules/viem/node_modules/ox/_esm/tempo/VirtualMaster.js
./node_modules/viem/node_modules/ox/_esm/tempo/index.js
./node_modules/viem/_esm/tempo/chainConfig.js
./node_modules/viem/_esm/chains/definitions/tempo.js
./node_modules/viem/_esm/chains/index.js
./node_modules/@aomi-labs/client/dist/index.js
./lib/services/tradeIntentService.ts
./app/page.tsx @ webpack-internal:///(app-pages-browser)/./node_modules/next/dist/client/components/react-dev-overlay/app/hot-reloader-client.js:226
[  992159ms] [LOG] [Fast Refresh] done in 42296ms @ webpack-internal:///(app-pages-browser)/./node_modules/next/dist/client/components/react-dev-overlay/app/hot-reloader-client.js:43
[  995180ms] [WARNING] The resource http://localhost:3004/_next/static/css/app/page.css?v=1777174291894 was preloaded using link preload but not used within a few seconds from the window's load event. Please make sure it has an appropriate `as` value and it is preloaded intentionally. @ http://localhost:3004/:0
[  995180ms] [WARNING] The resource http://localhost:3004/_next/static/css/app/layout.css?v=1777174291894 was preloaded using link preload but not used within a few seconds from the window's load event. Please make sure it has an appropriate `as` value and it is preloaded intentionally. @ http://localhost:3004/:0
[ 1018816ms] [ERROR] Failed to load resource: the server responded with a status of 404 (Not Found) @ http://localhost:3004/_next/static/css/app/layout.css?v=1777174291894:0
[ 1018824ms] [ERROR] Failed to load resource: the server responded with a status of 404 (Not Found) @ http://localhost:3004/_next/static/css/app/page.css?v=1777174291894:0
[ 1019565ms] Event
[ 1019570ms] Event
[ 1397039ms] [ERROR] Failed to load resource: net::ERR_INCOMPLETE_CHUNKED_ENCODING @ http://localhost:3004/api/aomi/api/updates:0
[ 1397555ms] [ERROR] Failed to load resource: net::ERR_CONNECTION_REFUSED @ http://localhost:3004/api/aomi/api/updates:0
[ 1398564ms] [ERROR] Failed to load resource: net::ERR_CONNECTION_REFUSED @ http://localhost:3004/api/aomi/api/updates:0
[ 1400575ms] [ERROR] Failed to load resource: net::ERR_CONNECTION_REFUSED @ http://localhost:3004/api/aomi/api/updates:0
[ 1404578ms] [ERROR] Failed to load resource: net::ERR_CONNECTION_REFUSED @ http://localhost:3004/api/aomi/api/updates:0
[ 1412585ms] [ERROR] Failed to load resource: net::ERR_CONNECTION_REFUSED @ http://localhost:3004/api/aomi/api/updates:0
[ 1422607ms] [ERROR] Failed to load resource: net::ERR_CONNECTION_REFUSED @ http://localhost:3004/api/aomi/api/updates:0
[ 1432613ms] [ERROR] Failed to load resource: net::ERR_CONNECTION_REFUSED @ http://localhost:3004/api/aomi/api/updates:0
[ 1442628ms] [ERROR] Failed to load resource: net::ERR_CONNECTION_REFUSED @ http://localhost:3004/api/aomi/api/updates:0
[ 1452634ms] [ERROR] Failed to load resource: net::ERR_CONNECTION_REFUSED @ http://localhost:3004/api/aomi/api/updates:0
[ 1462643ms] [ERROR] Failed to load resource: net::ERR_CONNECTION_REFUSED @ http://localhost:3004/api/aomi/api/updates:0
[ 1472664ms] [ERROR] Failed to load resource: net::ERR_CONNECTION_REFUSED @ http://localhost:3004/api/aomi/api/updates:0
[ 1482675ms] [ERROR] Failed to load resource: net::ERR_CONNECTION_REFUSED @ http://localhost:3004/api/aomi/api/updates:0
[ 1492685ms] [ERROR] Failed to load resource: net::ERR_CONNECTION_REFUSED @ http://localhost:3004/api/aomi/api/updates:0
[ 1502701ms] [ERROR] Failed to load resource: net::ERR_CONNECTION_REFUSED @ http://localhost:3004/api/aomi/api/updates:0
[ 1512709ms] [ERROR] Failed to load resource: net::ERR_CONNECTION_REFUSED @ http://localhost:3004/api/aomi/api/updates:0
[ 1522715ms] [ERROR] Failed to load resource: net::ERR_CONNECTION_REFUSED @ http://localhost:3004/api/aomi/api/updates:0
[ 1532724ms] [ERROR] Failed to load resource: net::ERR_CONNECTION_REFUSED @ http://localhost:3004/api/aomi/api/updates:0
[ 1542733ms] [ERROR] Failed to load resource: net::ERR_CONNECTION_REFUSED @ http://localhost:3004/api/aomi/api/updates:0
[ 1552739ms] [ERROR] Failed to load resource: net::ERR_CONNECTION_REFUSED @ http://localhost:3004/api/aomi/api/updates:0
[ 1562747ms] [ERROR] Failed to load resource: net::ERR_CONNECTION_REFUSED @ http://localhost:3004/api/aomi/api/updates:0
[ 1572753ms] [ERROR] Failed to load resource: net::ERR_CONNECTION_REFUSED @ http://localhost:3004/api/aomi/api/updates:0
[ 1582762ms] [ERROR] Failed to load resource: net::ERR_CONNECTION_REFUSED @ http://localhost:3004/api/aomi/api/updates:0
[ 1592768ms] [ERROR] Failed to load resource: net::ERR_CONNECTION_REFUSED @ http://localhost:3004/api/aomi/api/updates:0
[ 1602775ms] [ERROR] Failed to load resource: net::ERR_CONNECTION_REFUSED @ http://localhost:3004/api/aomi/api/updates:0
[ 1612779ms] [ERROR] Failed to load resource: net::ERR_CONNECTION_REFUSED @ http://localhost:3004/api/aomi/api/updates:0
[ 1622786ms] [ERROR] Failed to load resource: net::ERR_CONNECTION_REFUSED @ http://localhost:3004/api/aomi/api/updates:0
[ 1632792ms] [ERROR] Failed to load resource: net::ERR_CONNECTION_REFUSED @ http://localhost:3004/api/aomi/api/updates:0
[ 1642812ms] [ERROR] Failed to load resource: net::ERR_CONNECTION_REFUSED @ http://localhost:3004/api/aomi/api/updates:0
[ 1652816ms] [ERROR] Failed to load resource: net::ERR_CONNECTION_REFUSED @ http://localhost:3004/api/aomi/api/updates:0
[ 1662822ms] [ERROR] Failed to load resource: net::ERR_CONNECTION_REFUSED @ http://localhost:3004/api/aomi/api/updates:0
[ 1672829ms] [ERROR] Failed to load resource: net::ERR_CONNECTION_REFUSED @ http://localhost:3004/api/aomi/api/updates:0
[ 1682837ms] [ERROR] Failed to load resource: net::ERR_CONNECTION_REFUSED @ http://localhost:3004/api/aomi/api/updates:0
[ 1692841ms] [ERROR] Failed to load resource: net::ERR_CONNECTION_REFUSED @ http://localhost:3004/api/aomi/api/updates:0
[ 1702848ms] [ERROR] Failed to load resource: net::ERR_CONNECTION_REFUSED @ http://localhost:3004/api/aomi/api/updates:0
[ 1712855ms] [ERROR] Failed to load resource: net::ERR_CONNECTION_REFUSED @ http://localhost:3004/api/aomi/api/updates:0
[ 1722870ms] [ERROR] Failed to load resource: net::ERR_CONNECTION_REFUSED @ http://localhost:3004/api/aomi/api/updates:0
[ 1732880ms] [ERROR] Failed to load resource: net::ERR_CONNECTION_REFUSED @ http://localhost:3004/api/aomi/api/updates:0
[ 1742902ms] [ERROR] Failed to load resource: net::ERR_CONNECTION_REFUSED @ http://localhost:3004/api/aomi/api/updates:0
[ 1752912ms] [ERROR] Failed to load resource: net::ERR_CONNECTION_REFUSED @ http://localhost:3004/api/aomi/api/updates:0
[ 1762933ms] [ERROR] Failed to load resource: net::ERR_CONNECTION_REFUSED @ http://localhost:3004/api/aomi/api/updates:0
[ 1772970ms] [ERROR] Failed to load resource: net::ERR_CONNECTION_REFUSED @ http://localhost:3004/api/aomi/api/updates:0
[ 1782985ms] [ERROR] Failed to load resource: net::ERR_CONNECTION_REFUSED @ http://localhost:3004/api/aomi/api/updates:0
[ 1792990ms] [ERROR] Failed to load resource: net::ERR_CONNECTION_REFUSED @ http://localhost:3004/api/aomi/api/updates:0
[ 1802995ms] [ERROR] Failed to load resource: net::ERR_CONNECTION_REFUSED @ http://localhost:3004/api/aomi/api/updates:0
[ 1813000ms] [ERROR] Failed to load resource: net::ERR_CONNECTION_REFUSED @ http://localhost:3004/api/aomi/api/updates:0
[ 1823006ms] [ERROR] Failed to load resource: net::ERR_CONNECTION_REFUSED @ http://localhost:3004/api/aomi/api/updates:0
[ 1833014ms] [ERROR] Failed to load resource: net::ERR_CONNECTION_REFUSED @ http://localhost:3004/api/aomi/api/updates:0
[ 1843018ms] [ERROR] Failed to load resource: net::ERR_CONNECTION_REFUSED @ http://localhost:3004/api/aomi/api/updates:0
[ 1853022ms] [ERROR] Failed to load resource: net::ERR_CONNECTION_REFUSED @ http://localhost:3004/api/aomi/api/updates:0
[ 1863028ms] [ERROR] Failed to load resource: net::ERR_CONNECTION_REFUSED @ http://localhost:3004/api/aomi/api/updates:0
[ 1873039ms] [ERROR] Failed to load resource: net::ERR_CONNECTION_REFUSED @ http://localhost:3004/api/aomi/api/updates:0
[ 1883045ms] [ERROR] Failed to load resource: net::ERR_CONNECTION_REFUSED @ http://localhost:3004/api/aomi/api/updates:0
[ 1893054ms] [ERROR] Failed to load resource: net::ERR_CONNECTION_REFUSED @ http://localhost:3004/api/aomi/api/updates:0
[ 1903062ms] [ERROR] Failed to load resource: net::ERR_CONNECTION_REFUSED @ http://localhost:3004/api/aomi/api/updates:0
[ 1913019ms] [ERROR] Failed to load resource: net::ERR_CONNECTION_REFUSED @ http://localhost:3004/api/aomi/api/updates:0
[ 1923035ms] [ERROR] Failed to load resource: net::ERR_CONNECTION_REFUSED @ http://localhost:3004/api/aomi/api/updates:0
[ 1933051ms] [ERROR] Failed to load resource: net::ERR_CONNECTION_REFUSED @ http://localhost:3004/api/aomi/api/updates:0
[ 1943066ms] [ERROR] Failed to load resource: net::ERR_CONNECTION_REFUSED @ http://localhost:3004/api/aomi/api/updates:0
[ 1953082ms] [ERROR] Failed to load resource: net::ERR_CONNECTION_REFUSED @ http://localhost:3004/api/aomi/api/updates:0
[ 1963100ms] [ERROR] Failed to load resource: net::ERR_CONNECTION_REFUSED @ http://localhost:3004/api/aomi/api/updates:0
[ 1973106ms] [ERROR] Failed to load resource: net::ERR_CONNECTION_REFUSED @ http://localhost:3004/api/aomi/api/updates:0
[ 1983111ms] [ERROR] Failed to load resource: net::ERR_CONNECTION_REFUSED @ http://localhost:3004/api/aomi/api/updates:0
[ 1993119ms] [ERROR] Failed to load resource: net::ERR_CONNECTION_REFUSED @ http://localhost:3004/api/aomi/api/updates:0
[ 2003125ms] [ERROR] Failed to load resource: net::ERR_CONNECTION_REFUSED @ http://localhost:3004/api/aomi/api/updates:0
[ 2013140ms] [ERROR] Failed to load resource: net::ERR_CONNECTION_REFUSED @ http://localhost:3004/api/aomi/api/updates:0
[ 2023161ms] [ERROR] Failed to load resource: net::ERR_CONNECTION_REFUSED @ http://localhost:3004/api/aomi/api/updates:0
[ 2033178ms] [ERROR] Failed to load resource: net::ERR_CONNECTION_REFUSED @ http://localhost:3004/api/aomi/api/updates:0
[ 2043195ms] [ERROR] Failed to load resource: net::ERR_CONNECTION_REFUSED @ http://localhost:3004/api/aomi/api/updates:0
[ 2053211ms] [ERROR] Failed to load resource: net::ERR_CONNECTION_REFUSED @ http://localhost:3004/api/aomi/api/updates:0
[ 2063225ms] [ERROR] Failed to load resource: net::ERR_CONNECTION_REFUSED @ http://localhost:3004/api/aomi/api/updates:0
[ 2073245ms] [ERROR] Failed to load resource: net::ERR_CONNECTION_REFUSED @ http://localhost:3004/api/aomi/api/updates:0
[ 2083257ms] [ERROR] Failed to load resource: net::ERR_CONNECTION_REFUSED @ http://localhost:3004/api/aomi/api/updates:0
[ 2093276ms] [ERROR] Failed to load resource: net::ERR_CONNECTION_REFUSED @ http://localhost:3004/api/aomi/api/updates:0
[ 2103285ms] [ERROR] Failed to load resource: net::ERR_CONNECTION_REFUSED @ http://localhost:3004/api/aomi/api/updates:0
[ 2113296ms] [ERROR] Failed to load resource: net::ERR_CONNECTION_REFUSED @ http://localhost:3004/api/aomi/api/updates:0
[ 2123305ms] [ERROR] Failed to load resource: net::ERR_CONNECTION_REFUSED @ http://localhost:3004/api/aomi/api/updates:0
[ 2133309ms] [ERROR] Failed to load resource: net::ERR_CONNECTION_REFUSED @ http://localhost:3004/api/aomi/api/updates:0
[ 2143313ms] [ERROR] Failed to load resource: net::ERR_CONNECTION_REFUSED @ http://localhost:3004/api/aomi/api/updates:0
[ 2153323ms] [ERROR] Failed to load resource: net::ERR_CONNECTION_REFUSED @ http://localhost:3004/api/aomi/api/updates:0
[ 2163331ms] [ERROR] Failed to load resource: net::ERR_CONNECTION_REFUSED @ http://localhost:3004/api/aomi/api/updates:0
[ 2173340ms] [ERROR] Failed to load resource: net::ERR_CONNECTION_REFUSED @ http://localhost:3004/api/aomi/api/updates:0
[ 2183349ms] [ERROR] Failed to load resource: net::ERR_CONNECTION_REFUSED @ http://localhost:3004/api/aomi/api/updates:0
[ 2193354ms] [ERROR] Failed to load resource: net::ERR_CONNECTION_REFUSED @ http://localhost:3004/api/aomi/api/updates:0
[ 2203361ms] [ERROR] Failed to load resource: net::ERR_CONNECTION_REFUSED @ http://localhost:3004/api/aomi/api/updates:0
[ 2213373ms] [ERROR] Failed to load resource: net::ERR_CONNECTION_REFUSED @ http://localhost:3004/api/aomi/api/updates:0
[ 2223383ms] [ERROR] Failed to load resource: net::ERR_CONNECTION_REFUSED @ http://localhost:3004/api/aomi/api/updates:0
[ 2233401ms] [ERROR] Failed to load resource: net::ERR_CONNECTION_REFUSED @ http://localhost:3004/api/aomi/api/updates:0
[ 2243410ms] [ERROR] Failed to load resource: net::ERR_CONNECTION_REFUSED @ http://localhost:3004/api/aomi/api/updates:0
[ 2253420ms] [ERROR] Failed to load resource: net::ERR_CONNECTION_REFUSED @ http://localhost:3004/api/aomi/api/updates:0
[ 2263429ms] [ERROR] Failed to load resource: net::ERR_CONNECTION_REFUSED @ http://localhost:3004/api/aomi/api/updates:0
[ 2273444ms] [ERROR] Failed to load resource: net::ERR_CONNECTION_REFUSED @ http://localhost:3004/api/aomi/api/updates:0
[ 2283460ms] [ERROR] Failed to load resource: net::ERR_CONNECTION_REFUSED @ http://localhost:3004/api/aomi/api/updates:0
[ 2293473ms] [ERROR] Failed to load resource: net::ERR_CONNECTION_REFUSED @ http://localhost:3004/api/aomi/api/updates:0
[ 2303479ms] [ERROR] Failed to load resource: net::ERR_CONNECTION_REFUSED @ http://localhost:3004/api/aomi/api/updates:0
[ 2313488ms] [ERROR] Failed to load resource: net::ERR_CONNECTION_REFUSED @ http://localhost:3004/api/aomi/api/updates:0
[ 2323494ms] [ERROR] Failed to load resource: net::ERR_CONNECTION_REFUSED @ http://localhost:3004/api/aomi/api/updates:0
[ 2333500ms] [ERROR] Failed to load resource: net::ERR_CONNECTION_REFUSED @ http://localhost:3004/api/aomi/api/updates:0
[ 2343510ms] [ERROR] Failed to load resource: net::ERR_CONNECTION_REFUSED @ http://localhost:3004/api/aomi/api/updates:0
[ 2353524ms] [ERROR] Failed to load resource: net::ERR_CONNECTION_REFUSED @ http://localhost:3004/api/aomi/api/updates:0
[ 2363528ms] [ERROR] Failed to load resource: net::ERR_CONNECTION_REFUSED @ http://localhost:3004/api/aomi/api/updates:0
[ 2373537ms] [ERROR] Failed to load resource: net::ERR_CONNECTION_REFUSED @ http://localhost:3004/api/aomi/api/updates:0
[ 2383546ms] [ERROR] Failed to load resource: net::ERR_CONNECTION_REFUSED @ http://localhost:3004/api/aomi/api/updates:0
[ 2393556ms] [ERROR] Failed to load resource: net::ERR_CONNECTION_REFUSED @ http://localhost:3004/api/aomi/api/updates:0
[ 2403563ms] [ERROR] Failed to load resource: net::ERR_CONNECTION_REFUSED @ http://localhost:3004/api/aomi/api/updates:0
[ 2413571ms] [ERROR] Failed to load resource: net::ERR_CONNECTION_REFUSED @ http://localhost:3004/api/aomi/api/updates:0
[ 2423578ms] [ERROR] Failed to load resource: net::ERR_CONNECTION_REFUSED @ http://localhost:3004/api/aomi/api/updates:0
[ 2433586ms] [ERROR] Failed to load resource: net::ERR_CONNECTION_REFUSED @ http://localhost:3004/api/aomi/api/updates:0
[ 2443592ms] [ERROR] Failed to load resource: net::ERR_CONNECTION_REFUSED @ http://localhost:3004/api/aomi/api/updates:0
[ 2453595ms] [ERROR] Failed to load resource: net::ERR_CONNECTION_REFUSED @ http://localhost:3004/api/aomi/api/updates:0
[ 2463601ms] [ERROR] Failed to load resource: net::ERR_CONNECTION_REFUSED @ http://localhost:3004/api/aomi/api/updates:0
[ 2473606ms] [ERROR] Failed to load resource: net::ERR_CONNECTION_REFUSED @ http://localhost:3004/api/aomi/api/updates:0
[ 2483610ms] [ERROR] Failed to load resource: net::ERR_CONNECTION_REFUSED @ http://localhost:3004/api/aomi/api/updates:0
[ 2493614ms] [ERROR] Failed to load resource: net::ERR_CONNECTION_REFUSED @ http://localhost:3004/api/aomi/api/updates:0
[ 2503621ms] [ERROR] Failed to load resource: net::ERR_CONNECTION_REFUSED @ http://localhost:3004/api/aomi/api/updates:0
[ 2513628ms] [ERROR] Failed to load resource: net::ERR_CONNECTION_REFUSED @ http://localhost:3004/api/aomi/api/updates:0
[ 2523635ms] [ERROR] Failed to load resource: net::ERR_CONNECTION_REFUSED @ http://localhost:3004/api/aomi/api/updates:0
[ 2533644ms] [ERROR] Failed to load resource: net::ERR_CONNECTION_REFUSED @ http://localhost:3004/api/aomi/api/updates:0
[ 2543650ms] [ERROR] Failed to load resource: net::ERR_CONNECTION_REFUSED @ http://localhost:3004/api/aomi/api/updates:0
[ 2553659ms] [ERROR] Failed to load resource: net::ERR_CONNECTION_REFUSED @ http://localhost:3004/api/aomi/api/updates:0
[ 2563670ms] [ERROR] Failed to load resource: net::ERR_CONNECTION_REFUSED @ http://localhost:3004/api/aomi/api/updates:0
[ 2573681ms] [ERROR] Failed to load resource: net::ERR_CONNECTION_REFUSED @ http://localhost:3004/api/aomi/api/updates:0
[ 2583688ms] [ERROR] Failed to load resource: net::ERR_CONNECTION_REFUSED @ http://localhost:3004/api/aomi/api/updates:0
[ 2593700ms] [ERROR] Failed to load resource: net::ERR_CONNECTION_REFUSED @ http://localhost:3004/api/aomi/api/updates:0
[ 2603710ms] [ERROR] Failed to load resource: net::ERR_CONNECTION_REFUSED @ http://localhost:3004/api/aomi/api/updates:0
[ 2613715ms] [ERROR] Failed to load resource: net::ERR_CONNECTION_REFUSED @ http://localhost:3004/api/aomi/api/updates:0
[ 2623721ms] [ERROR] Failed to load resource: net::ERR_CONNECTION_REFUSED @ http://localhost:3004/api/aomi/api/updates:0
[ 2633727ms] [ERROR] Failed to load resource: net::ERR_CONNECTION_REFUSED @ http://localhost:3004/api/aomi/api/updates:0
[ 2643759ms] [ERROR] Failed to load resource: net::ERR_CONNECTION_REFUSED @ http://localhost:3004/api/aomi/api/updates:0
[ 2653768ms] [ERROR] Failed to load resource: net::ERR_CONNECTION_REFUSED @ http://localhost:3004/api/aomi/api/updates:0
[ 2663775ms] [ERROR] Failed to load resource: net::ERR_CONNECTION_REFUSED @ http://localhost:3004/api/aomi/api/updates:0
[ 2673803ms] [ERROR] Failed to load resource: net::ERR_CONNECTION_REFUSED @ http://localhost:3004/api/aomi/api/updates:0
[ 2683814ms] [ERROR] Failed to load resource: net::ERR_CONNECTION_REFUSED @ http://localhost:3004/api/aomi/api/updates:0
[ 2693834ms] [ERROR] Failed to load resource: net::ERR_CONNECTION_REFUSED @ http://localhost:3004/api/aomi/api/updates:0
[ 2703841ms] [ERROR] Failed to load resource: net::ERR_CONNECTION_REFUSED @ http://localhost:3004/api/aomi/api/updates:0
[ 2713847ms] [ERROR] Failed to load resource: net::ERR_CONNECTION_REFUSED @ http://localhost:3004/api/aomi/api/updates:0
[ 2723863ms] [ERROR] Failed to load resource: net::ERR_CONNECTION_REFUSED @ http://localhost:3004/api/aomi/api/updates:0
[ 2733882ms] [ERROR] Failed to load resource: net::ERR_CONNECTION_REFUSED @ http://localhost:3004/api/aomi/api/updates:0
[ 2743899ms] [ERROR] Failed to load resource: net::ERR_CONNECTION_REFUSED @ http://localhost:3004/api/aomi/api/updates:0
[ 2753908ms] [ERROR] Failed to load resource: net::ERR_CONNECTION_REFUSED @ http://localhost:3004/api/aomi/api/updates:0
[ 2763924ms] [ERROR] Failed to load resource: net::ERR_CONNECTION_REFUSED @ http://localhost:3004/api/aomi/api/updates:0
[ 2773951ms] [ERROR] Failed to load resource: net::ERR_CONNECTION_REFUSED @ http://localhost:3004/api/aomi/api/updates:0
[ 2783961ms] [ERROR] Failed to load resource: net::ERR_CONNECTION_REFUSED @ http://localhost:3004/api/aomi/api/updates:0
[ 2793970ms] [ERROR] Failed to load resource: net::ERR_CONNECTION_REFUSED @ http://localhost:3004/api/aomi/api/updates:0
[ 2803977ms] [ERROR] Failed to load resource: net::ERR_CONNECTION_REFUSED @ http://localhost:3004/api/aomi/api/updates:0
[ 2813982ms] [ERROR] Failed to load resource: net::ERR_CONNECTION_REFUSED @ http://localhost:3004/api/aomi/api/updates:0
[ 2823988ms] [ERROR] Failed to load resource: net::ERR_CONNECTION_REFUSED @ http://localhost:3004/api/aomi/api/updates:0
[ 2833999ms] [ERROR] Failed to load resource: net::ERR_CONNECTION_REFUSED @ http://localhost:3004/api/aomi/api/updates:0
[ 2844004ms] [ERROR] Failed to load resource: net::ERR_CONNECTION_REFUSED @ http://localhost:3004/api/aomi/api/updates:0
[ 2854012ms] [ERROR] Failed to load resource: net::ERR_CONNECTION_REFUSED @ http://localhost:3004/api/aomi/api/updates:0
[ 2864026ms] [ERROR] Failed to load resource: net::ERR_CONNECTION_REFUSED @ http://localhost:3004/api/aomi/api/updates:0
[ 2873923ms] [ERROR] Failed to load resource: net::ERR_CONNECTION_REFUSED @ http://localhost:3004/api/aomi/api/updates:0
[ 2883929ms] [ERROR] Failed to load resource: net::ERR_CONNECTION_REFUSED @ http://localhost:3004/api/aomi/api/updates:0
[ 2893938ms] [ERROR] Failed to load resource: net::ERR_CONNECTION_REFUSED @ http://localhost:3004/api/aomi/api/updates:0
[ 2904052ms] [ERROR] Failed to load resource: net::ERR_CONNECTION_REFUSED @ http://localhost:3004/api/aomi/api/updates:0
[ 2914081ms] [ERROR] Failed to load resource: net::ERR_CONNECTION_REFUSED @ http://localhost:3004/api/aomi/api/updates:0
[ 2924096ms] [ERROR] Failed to load resource: net::ERR_CONNECTION_REFUSED @ http://localhost:3004/api/aomi/api/updates:0
[ 2934127ms] [ERROR] Failed to load resource: net::ERR_CONNECTION_REFUSED @ http://localhost:3004/api/aomi/api/updates:0
[ 2944148ms] [ERROR] Failed to load resource: net::ERR_CONNECTION_REFUSED @ http://localhost:3004/api/aomi/api/updates:0
[ 2954162ms] [ERROR] Failed to load resource: net::ERR_CONNECTION_REFUSED @ http://localhost:3004/api/aomi/api/updates:0
[ 2964185ms] [ERROR] Failed to load resource: net::ERR_CONNECTION_REFUSED @ http://localhost:3004/api/aomi/api/updates:0
[ 2974220ms] [ERROR] Failed to load resource: net::ERR_CONNECTION_REFUSED @ http://localhost:3004/api/aomi/api/updates:0
[ 2984307ms] [ERROR] Failed to load resource: net::ERR_CONNECTION_REFUSED @ http://localhost:3004/api/aomi/api/updates:0
[ 2994351ms] [ERROR] Failed to load resource: net::ERR_CONNECTION_REFUSED @ http://localhost:3004/api/aomi/api/updates:0
[ 3004397ms] [ERROR] Failed to load resource: net::ERR_CONNECTION_REFUSED @ http://localhost:3004/api/aomi/api/updates:0
[ 3014412ms] [ERROR] Failed to load resource: net::ERR_CONNECTION_REFUSED @ http://localhost:3004/api/aomi/api/updates:0
[ 3024423ms] [ERROR] Failed to load resource: net::ERR_CONNECTION_REFUSED @ http://localhost:3004/api/aomi/api/updates:0
[ 3034441ms] [ERROR] Failed to load resource: net::ERR_CONNECTION_REFUSED @ http://localhost:3004/api/aomi/api/updates:0
[ 3044462ms] [ERROR] Failed to load resource: net::ERR_CONNECTION_REFUSED @ http://localhost:3004/api/aomi/api/updates:0
[ 3054480ms] [ERROR] Failed to load resource: net::ERR_CONNECTION_REFUSED @ http://localhost:3004/api/aomi/api/updates:0
[ 3064517ms] [ERROR] Failed to load resource: net::ERR_CONNECTION_REFUSED @ http://localhost:3004/api/aomi/api/updates:0
[ 3074526ms] [ERROR] Failed to load resource: net::ERR_CONNECTION_REFUSED @ http://localhost:3004/api/aomi/api/updates:0
[ 3084533ms] [ERROR] Failed to load resource: net::ERR_CONNECTION_REFUSED @ http://localhost:3004/api/aomi/api/updates:0
[ 3094555ms] [ERROR] Failed to load resource: net::ERR_CONNECTION_REFUSED @ http://localhost:3004/api/aomi/api/updates:0
[ 3104580ms] [ERROR] Failed to load resource: net::ERR_CONNECTION_REFUSED @ http://localhost:3004/api/aomi/api/updates:0
[ 3114612ms] [ERROR] Failed to load resource: net::ERR_CONNECTION_REFUSED @ http://localhost:3004/api/aomi/api/updates:0
[ 3124623ms] [ERROR] Failed to load resource: net::ERR_CONNECTION_REFUSED @ http://localhost:3004/api/aomi/api/updates:0
[ 3134637ms] [ERROR] Failed to load resource: net::ERR_CONNECTION_REFUSED @ http://localhost:3004/api/aomi/api/updates:0
[ 3144679ms] [ERROR] Failed to load resource: net::ERR_CONNECTION_REFUSED @ http://localhost:3004/api/aomi/api/updates:0
[ 3154694ms] [ERROR] Failed to load resource: net::ERR_CONNECTION_REFUSED @ http://localhost:3004/api/aomi/api/updates:0
[ 3164707ms] [ERROR] Failed to load resource: net::ERR_CONNECTION_REFUSED @ http://localhost:3004/api/aomi/api/updates:0
[ 3174715ms] [ERROR] Failed to load resource: net::ERR_CONNECTION_REFUSED @ http://localhost:3004/api/aomi/api/updates:0
[ 3184721ms] [ERROR] Failed to load resource: net::ERR_CONNECTION_REFUSED @ http://localhost:3004/api/aomi/api/updates:0
[ 3194731ms] [ERROR] Failed to load resource: net::ERR_CONNECTION_REFUSED @ http://localhost:3004/api/aomi/api/updates:0
[ 3204747ms] [ERROR] Failed to load resource: net::ERR_CONNECTION_REFUSED @ http://localhost:3004/api/aomi/api/updates:0
[ 3214763ms] [ERROR] Failed to load resource: net::ERR_CONNECTION_REFUSED @ http://localhost:3004/api/aomi/api/updates:0
[ 3224785ms] [ERROR] Failed to load resource: net::ERR_CONNECTION_REFUSED @ http://localhost:3004/api/aomi/api/updates:0
[ 3234840ms] [ERROR] Failed to load resource: net::ERR_CONNECTION_REFUSED @ http://localhost:3004/api/aomi/api/updates:0
[ 3244894ms] [ERROR] Failed to load resource: net::ERR_CONNECTION_REFUSED @ http://localhost:3004/api/aomi/api/updates:0
[ 3254913ms] [ERROR] Failed to load resource: net::ERR_CONNECTION_REFUSED @ http://localhost:3004/api/aomi/api/updates:0
[ 3264927ms] [ERROR] Failed to load resource: net::ERR_CONNECTION_REFUSED @ http://localhost:3004/api/aomi/api/updates:0
[ 3274942ms] [ERROR] Failed to load resource: net::ERR_CONNECTION_REFUSED @ http://localhost:3004/api/aomi/api/updates:0
[ 3284958ms] [ERROR] Failed to load resource: net::ERR_CONNECTION_REFUSED @ http://localhost:3004/api/aomi/api/updates:0
[ 3295001ms] [ERROR] Failed to load resource: net::ERR_CONNECTION_REFUSED @ http://localhost:3004/api/aomi/api/updates:0
[ 3305047ms] [ERROR] Failed to load resource: net::ERR_CONNECTION_REFUSED @ http://localhost:3004/api/aomi/api/updates:0
[ 3315071ms] [ERROR] Failed to load resource: net::ERR_CONNECTION_REFUSED @ http://localhost:3004/api/aomi/api/updates:0
[ 3325151ms] [ERROR] Failed to load resource: net::ERR_CONNECTION_REFUSED @ http://localhost:3004/api/aomi/api/updates:0
[ 3335168ms] [ERROR] Failed to load resource: net::ERR_CONNECTION_REFUSED @ http://localhost:3004/api/aomi/api/updates:0
[ 3345182ms] [ERROR] Failed to load resource: net::ERR_CONNECTION_REFUSED @ http://localhost:3004/api/aomi/api/updates:0
[ 3355224ms] [ERROR] Failed to load resource: net::ERR_CONNECTION_REFUSED @ http://localhost:3004/api/aomi/api/updates:0
[ 3365241ms] [ERROR] Failed to load resource: net::ERR_CONNECTION_REFUSED @ http://localhost:3004/api/aomi/api/updates:0
[ 3375267ms] [ERROR] Failed to load resource: net::ERR_CONNECTION_REFUSED @ http://localhost:3004/api/aomi/api/updates:0
[ 3385307ms] [ERROR] Failed to load resource: net::ERR_CONNECTION_REFUSED @ http://localhost:3004/api/aomi/api/updates:0
[ 3395334ms] [ERROR] Failed to load resource: net::ERR_CONNECTION_REFUSED @ http://localhost:3004/api/aomi/api/updates:0
[ 3405349ms] [ERROR] Failed to load resource: net::ERR_CONNECTION_REFUSED @ http://localhost:3004/api/aomi/api/updates:0
[ 3415377ms] [ERROR] Failed to load resource: net::ERR_CONNECTION_REFUSED @ http://localhost:3004/api/aomi/api/updates:0
[ 3425398ms] [ERROR] Failed to load resource: net::ERR_CONNECTION_REFUSED @ http://localhost:3004/api/aomi/api/updates:0
[ 3435431ms] [ERROR] Failed to load resource: net::ERR_CONNECTION_REFUSED @ http://localhost:3004/api/aomi/api/updates:0
[ 3445464ms] [ERROR] Failed to load resource: net::ERR_CONNECTION_REFUSED @ http://localhost:3004/api/aomi/api/updates:0
[ 3455479ms] [ERROR] Failed to load resource: net::ERR_CONNECTION_REFUSED @ http://localhost:3004/api/aomi/api/updates:0
[ 3465518ms] [ERROR] Failed to load resource: net::ERR_CONNECTION_REFUSED @ http://localhost:3004/api/aomi/api/updates:0
[ 3475604ms] [ERROR] Failed to load resource: net::ERR_CONNECTION_REFUSED @ http://localhost:3004/api/aomi/api/updates:0
[ 3485635ms] [ERROR] Failed to load resource: net::ERR_CONNECTION_REFUSED @ http://localhost:3004/api/aomi/api/updates:0
[ 3495654ms] [ERROR] Failed to load resource: net::ERR_CONNECTION_REFUSED @ http://localhost:3004/api/aomi/api/updates:0
[ 3505667ms] [ERROR] Failed to load resource: net::ERR_CONNECTION_REFUSED @ http://localhost:3004/api/aomi/api/updates:0
[ 3515685ms] [ERROR] Failed to load resource: net::ERR_CONNECTION_REFUSED @ http://localhost:3004/api/aomi/api/updates:0
[ 3525694ms] [ERROR] Failed to load resource: net::ERR_CONNECTION_REFUSED @ http://localhost:3004/api/aomi/api/updates:0
[ 3535704ms] [ERROR] Failed to load resource: net::ERR_CONNECTION_REFUSED @ http://localhost:3004/api/aomi/api/updates:0
[ 3545873ms] [ERROR] Failed to load resource: net::ERR_CONNECTION_REFUSED @ http://localhost:3004/api/aomi/api/updates:0
[ 3555885ms] [ERROR] Failed to load resource: net::ERR_CONNECTION_REFUSED @ http://localhost:3004/api/aomi/api/updates:0
[ 3565902ms] [ERROR] Failed to load resource: net::ERR_CONNECTION_REFUSED @ http://localhost:3004/api/aomi/api/updates:0
[ 3575906ms] [ERROR] Failed to load resource: net::ERR_CONNECTION_REFUSED @ http://localhost:3004/api/aomi/api/updates:0
[ 3585913ms] [ERROR] Failed to load resource: net::ERR_CONNECTION_REFUSED @ http://localhost:3004/api/aomi/api/updates:0
[ 3595921ms] [ERROR] Failed to load resource: net::ERR_CONNECTION_REFUSED @ http://localhost:3004/api/aomi/api/updates:0
[ 3605927ms] [ERROR] Failed to load resource: net::ERR_CONNECTION_REFUSED @ http://localhost:3004/api/aomi/api/updates:0
[ 3615936ms] [ERROR] Failed to load resource: net::ERR_CONNECTION_REFUSED @ http://localhost:3004/api/aomi/api/updates:0
[ 3625944ms] [ERROR] Failed to load resource: net::ERR_CONNECTION_REFUSED @ http://localhost:3004/api/aomi/api/updates:0
[ 3635953ms] [ERROR] Failed to load resource: net::ERR_CONNECTION_REFUSED @ http://localhost:3004/api/aomi/api/updates:0
[ 3645960ms] [ERROR] Failed to load resource: net::ERR_CONNECTION_REFUSED @ http://localhost:3004/api/aomi/api/updates:0
[ 3655970ms] [ERROR] Failed to load resource: net::ERR_CONNECTION_REFUSED @ http://localhost:3004/api/aomi/api/updates:0
[ 3665977ms] [ERROR] Failed to load resource: net::ERR_CONNECTION_REFUSED @ http://localhost:3004/api/aomi/api/updates:0
[ 3675988ms] [ERROR] Failed to load resource: net::ERR_CONNECTION_REFUSED @ http://localhost:3004/api/aomi/api/updates:0
[ 3685996ms] [ERROR] Failed to load resource: net::ERR_CONNECTION_REFUSED @ http://localhost:3004/api/aomi/api/updates:0
[ 3696004ms] [ERROR] Failed to load resource: net::ERR_CONNECTION_REFUSED @ http://localhost:3004/api/aomi/api/updates:0
[ 3706011ms] [ERROR] Failed to load resource: net::ERR_CONNECTION_REFUSED @ http://localhost:3004/api/aomi/api/updates:0
[ 3716021ms] [ERROR] Failed to load resource: net::ERR_CONNECTION_REFUSED @ http://localhost:3004/api/aomi/api/updates:0
[ 3726028ms] [ERROR] Failed to load resource: net::ERR_CONNECTION_REFUSED @ http://localhost:3004/api/aomi/api/updates:0
[ 3736037ms] [ERROR] Failed to load resource: net::ERR_CONNECTION_REFUSED @ http://localhost:3004/api/aomi/api/updates:0
[ 3746048ms] [ERROR] Failed to load resource: net::ERR_CONNECTION_REFUSED @ http://localhost:3004/api/aomi/api/updates:0
[ 3756057ms] [ERROR] Failed to load resource: net::ERR_CONNECTION_REFUSED @ http://localhost:3004/api/aomi/api/updates:0
[ 3766064ms] [ERROR] Failed to load resource: net::ERR_CONNECTION_REFUSED @ http://localhost:3004/api/aomi/api/updates:0
[ 3776075ms] [ERROR] Failed to load resource: net::ERR_CONNECTION_REFUSED @ http://localhost:3004/api/aomi/api/updates:0
[ 3786080ms] [ERROR] Failed to load resource: net::ERR_CONNECTION_REFUSED @ http://localhost:3004/api/aomi/api/updates:0
[ 3796086ms] [ERROR] Failed to load resource: net::ERR_CONNECTION_REFUSED @ http://localhost:3004/api/aomi/api/updates:0
[ 3806135ms] [ERROR] Failed to load resource: net::ERR_CONNECTION_REFUSED @ http://localhost:3004/api/aomi/api/updates:0
[ 3816143ms] [ERROR] Failed to load resource: net::ERR_CONNECTION_REFUSED @ http://localhost:3004/api/aomi/api/updates:0
[ 3826158ms] [ERROR] Failed to load resource: net::ERR_CONNECTION_REFUSED @ http://localhost:3004/api/aomi/api/updates:0
[ 3836160ms] [ERROR] Failed to load resource: net::ERR_CONNECTION_REFUSED @ http://localhost:3004/api/aomi/api/updates:0
[ 3846160ms] [ERROR] Failed to load resource: net::ERR_CONNECTION_REFUSED @ http://localhost:3004/api/aomi/api/updates:0
[ 3856162ms] [ERROR] Failed to load resource: net::ERR_CONNECTION_REFUSED @ http://localhost:3004/api/aomi/api/updates:0
[ 3866163ms] [ERROR] Failed to load resource: net::ERR_CONNECTION_REFUSED @ http://localhost:3004/api/aomi/api/updates:0
[ 3876171ms] [ERROR] Failed to load resource: net::ERR_CONNECTION_REFUSED @ http://localhost:3004/api/aomi/api/updates:0
[ 3886178ms] [ERROR] Failed to load resource: net::ERR_CONNECTION_REFUSED @ http://localhost:3004/api/aomi/api/updates:0
[ 3896184ms] [ERROR] Failed to load resource: net::ERR_CONNECTION_REFUSED @ http://localhost:3004/api/aomi/api/updates:0
[ 3906192ms] [ERROR] Failed to load resource: net::ERR_CONNECTION_REFUSED @ http://localhost:3004/api/aomi/api/updates:0
[ 3916200ms] [ERROR] Failed to load resource: net::ERR_CONNECTION_REFUSED @ http://localhost:3004/api/aomi/api/updates:0
[ 3926204ms] [ERROR] Failed to load resource: net::ERR_CONNECTION_REFUSED @ http://localhost:3004/api/aomi/api/updates:0
[ 3936218ms] [ERROR] Failed to load resource: net::ERR_CONNECTION_REFUSED @ http://localhost:3004/api/aomi/api/updates:0
[ 3946224ms] [ERROR] Failed to load resource: net::ERR_CONNECTION_REFUSED @ http://localhost:3004/api/aomi/api/updates:0
[ 3956231ms] [ERROR] Failed to load resource: net::ERR_CONNECTION_REFUSED @ http://localhost:3004/api/aomi/api/updates:0
[ 3966238ms] [ERROR] Failed to load resource: net::ERR_CONNECTION_REFUSED @ http://localhost:3004/api/aomi/api/updates:0
[ 3976246ms] [ERROR] Failed to load resource: net::ERR_CONNECTION_REFUSED @ http://localhost:3004/api/aomi/api/updates:0
[ 3986253ms] [ERROR] Failed to load resource: net::ERR_CONNECTION_REFUSED @ http://localhost:3004/api/aomi/api/updates:0
[ 3996257ms] [ERROR] Failed to load resource: net::ERR_CONNECTION_REFUSED @ http://localhost:3004/api/aomi/api/updates:0
[ 4006265ms] [ERROR] Failed to load resource: net::ERR_CONNECTION_REFUSED @ http://localhost:3004/api/aomi/api/updates:0
[ 4016272ms] [ERROR] Failed to load resource: net::ERR_CONNECTION_REFUSED @ http://localhost:3004/api/aomi/api/updates:0
[ 4026281ms] [ERROR] Failed to load resource: net::ERR_CONNECTION_REFUSED @ http://localhost:3004/api/aomi/api/updates:0
[ 4036286ms] [ERROR] Failed to load resource: net::ERR_CONNECTION_REFUSED @ http://localhost:3004/api/aomi/api/updates:0
[ 4046297ms] [ERROR] Failed to load resource: net::ERR_CONNECTION_REFUSED @ http://localhost:3004/api/aomi/api/updates:0
[ 4056302ms] [ERROR] Failed to load resource: net::ERR_CONNECTION_REFUSED @ http://localhost:3004/api/aomi/api/updates:0
[ 4066311ms] [ERROR] Failed to load resource: net::ERR_CONNECTION_REFUSED @ http://localhost:3004/api/aomi/api/updates:0
[ 4076321ms] [ERROR] Failed to load resource: net::ERR_CONNECTION_REFUSED @ http://localhost:3004/api/aomi/api/updates:0
[ 4086324ms] [ERROR] Failed to load resource: net::ERR_CONNECTION_REFUSED @ http://localhost:3004/api/aomi/api/updates:0
[ 4096332ms] [ERROR] Failed to load resource: net::ERR_CONNECTION_REFUSED @ http://localhost:3004/api/aomi/api/updates:0
[ 4106341ms] [ERROR] Failed to load resource: net::ERR_CONNECTION_REFUSED @ http://localhost:3004/api/aomi/api/updates:0
[ 4116507ms] [ERROR] Failed to load resource: net::ERR_CONNECTION_REFUSED @ http://localhost:3004/api/aomi/api/updates:0
[ 4126522ms] [ERROR] Failed to load resource: net::ERR_CONNECTION_REFUSED @ http://localhost:3004/api/aomi/api/updates:0
[ 4136538ms] [ERROR] Failed to load resource: net::ERR_CONNECTION_REFUSED @ http://localhost:3004/api/aomi/api/updates:0
[ 4146544ms] [ERROR] Failed to load resource: net::ERR_CONNECTION_REFUSED @ http://localhost:3004/api/aomi/api/updates:0
[ 4156551ms] [ERROR] Failed to load resource: net::ERR_CONNECTION_REFUSED @ http://localhost:3004/api/aomi/api/updates:0
[ 4166556ms] [ERROR] Failed to load resource: net::ERR_CONNECTION_REFUSED @ http://localhost:3004/api/aomi/api/updates:0
[ 4176567ms] [ERROR] Failed to load resource: net::ERR_CONNECTION_REFUSED @ http://localhost:3004/api/aomi/api/updates:0
[ 4186576ms] [ERROR] Failed to load resource: net::ERR_CONNECTION_REFUSED @ http://localhost:3004/api/aomi/api/updates:0
[ 4196586ms] [ERROR] Failed to load resource: net::ERR_CONNECTION_REFUSED @ http://localhost:3004/api/aomi/api/updates:0
[ 4206596ms] [ERROR] Failed to load resource: net::ERR_CONNECTION_REFUSED @ http://localhost:3004/api/aomi/api/updates:0
[ 4216607ms] [ERROR] Failed to load resource: net::ERR_CONNECTION_REFUSED @ http://localhost:3004/api/aomi/api/updates:0
[ 4226620ms] [ERROR] Failed to load resource: net::ERR_CONNECTION_REFUSED @ http://localhost:3004/api/aomi/api/updates:0
[ 4236626ms] [ERROR] Failed to load resource: net::ERR_CONNECTION_REFUSED @ http://localhost:3004/api/aomi/api/updates:0
[ 4246633ms] [ERROR] Failed to load resource: net::ERR_CONNECTION_REFUSED @ http://localhost:3004/api/aomi/api/updates:0
[ 4256636ms] [ERROR] Failed to load resource: net::ERR_CONNECTION_REFUSED @ http://localhost:3004/api/aomi/api/updates:0
[ 4266658ms] [ERROR] Failed to load resource: net::ERR_CONNECTION_REFUSED @ http://localhost:3004/api/aomi/api/updates:0
[ 4276670ms] [ERROR] Failed to load resource: net::ERR_CONNECTION_REFUSED @ http://localhost:3004/api/aomi/api/updates:0
[ 4286678ms] [ERROR] Failed to load resource: net::ERR_CONNECTION_REFUSED @ http://localhost:3004/api/aomi/api/updates:0
[ 4296686ms] [ERROR] Failed to load resource: net::ERR_CONNECTION_REFUSED @ http://localhost:3004/api/aomi/api/updates:0
[ 4306697ms] [ERROR] Failed to load resource: net::ERR_CONNECTION_REFUSED @ http://localhost:3004/api/aomi/api/updates:0
[ 4316702ms] [ERROR] Failed to load resource: net::ERR_CONNECTION_REFUSED @ http://localhost:3004/api/aomi/api/updates:0
[ 4326724ms] [ERROR] Failed to load resource: net::ERR_CONNECTION_REFUSED @ http://localhost:3004/api/aomi/api/updates:0
[ 4336731ms] [ERROR] Failed to load resource: net::ERR_CONNECTION_REFUSED @ http://localhost:3004/api/aomi/api/updates:0
[ 4346738ms] [ERROR] Failed to load resource: net::ERR_CONNECTION_REFUSED @ http://localhost:3004/api/aomi/api/updates:0
[ 4356761ms] [ERROR] Failed to load resource: net::ERR_CONNECTION_REFUSED @ http://localhost:3004/api/aomi/api/updates:0
[ 4366789ms] [ERROR] Failed to load resource: net::ERR_CONNECTION_REFUSED @ http://localhost:3004/api/aomi/api/updates:0
[ 4376802ms] [ERROR] Failed to load resource: net::ERR_CONNECTION_REFUSED @ http://localhost:3004/api/aomi/api/updates:0
[ 4386811ms] [ERROR] Failed to load resource: net::ERR_CONNECTION_REFUSED @ http://localhost:3004/api/aomi/api/updates:0
[ 4396817ms] [ERROR] Failed to load resource: net::ERR_CONNECTION_REFUSED @ http://localhost:3004/api/aomi/api/updates:0
[ 4406823ms] [ERROR] Failed to load resource: net::ERR_CONNECTION_REFUSED @ http://localhost:3004/api/aomi/api/updates:0
[ 4416830ms] [ERROR] Failed to load resource: net::ERR_CONNECTION_REFUSED @ http://localhost:3004/api/aomi/api/updates:0
[ 4426843ms] [ERROR] Failed to load resource: net::ERR_CONNECTION_REFUSED @ http://localhost:3004/api/aomi/api/updates:0
[ 4436851ms] [ERROR] Failed to load resource: net::ERR_CONNECTION_REFUSED @ http://localhost:3004/api/aomi/api/updates:0
[ 4446855ms] [ERROR] Failed to load resource: net::ERR_CONNECTION_REFUSED @ http://localhost:3004/api/aomi/api/updates:0
[ 4456864ms] [ERROR] Failed to load resource: net::ERR_CONNECTION_REFUSED @ http://localhost:3004/api/aomi/api/updates:0
[ 4466922ms] [ERROR] Failed to load resource: net::ERR_CONNECTION_REFUSED @ http://localhost:3004/api/aomi/api/updates:0
[ 4476991ms] [ERROR] Failed to load resource: net::ERR_CONNECTION_REFUSED @ http://localhost:3004/api/aomi/api/updates:0
[ 4487005ms] [ERROR] Failed to load resource: net::ERR_CONNECTION_REFUSED @ http://localhost:3004/api/aomi/api/updates:0
[ 4497024ms] [ERROR] Failed to load resource: net::ERR_CONNECTION_REFUSED @ http://localhost:3004/api/aomi/api/updates:0
[ 4507033ms] [ERROR] Failed to load resource: net::ERR_CONNECTION_REFUSED @ http://localhost:3004/api/aomi/api/updates:0
[ 4517041ms] [ERROR] Failed to load resource: net::ERR_CONNECTION_REFUSED @ http://localhost:3004/api/aomi/api/updates:0
[ 4527047ms] [ERROR] Failed to load resource: net::ERR_CONNECTION_REFUSED @ http://localhost:3004/api/aomi/api/updates:0
[ 4537053ms] [ERROR] Failed to load resource: net::ERR_CONNECTION_REFUSED @ http://localhost:3004/api/aomi/api/updates:0
[ 4547063ms] [ERROR] Failed to load resource: net::ERR_CONNECTION_REFUSED @ http://localhost:3004/api/aomi/api/updates:0
[ 4557067ms] [ERROR] Failed to load resource: net::ERR_CONNECTION_REFUSED @ http://localhost:3004/api/aomi/api/updates:0
[ 4567088ms] [ERROR] Failed to load resource: net::ERR_CONNECTION_REFUSED @ http://localhost:3004/api/aomi/api/updates:0
[ 4577098ms] [ERROR] Failed to load resource: net::ERR_CONNECTION_REFUSED @ http://localhost:3004/api/aomi/api/updates:0
[ 4587104ms] [ERROR] Failed to load resource: net::ERR_CONNECTION_REFUSED @ http://localhost:3004/api/aomi/api/updates:0
[ 4597116ms] [ERROR] Failed to load resource: net::ERR_CONNECTION_REFUSED @ http://localhost:3004/api/aomi/api/updates:0
[ 4607127ms] [ERROR] Failed to load resource: net::ERR_CONNECTION_REFUSED @ http://localhost:3004/api/aomi/api/updates:0
[ 4617133ms] [ERROR] Failed to load resource: net::ERR_CONNECTION_REFUSED @ http://localhost:3004/api/aomi/api/updates:0
[ 4627145ms] [ERROR] Failed to load resource: net::ERR_CONNECTION_REFUSED @ http://localhost:3004/api/aomi/api/updates:0
[ 4637149ms] [ERROR] Failed to load resource: net::ERR_CONNECTION_REFUSED @ http://localhost:3004/api/aomi/api/updates:0
[ 4647159ms] [ERROR] Failed to load resource: net::ERR_CONNECTION_REFUSED @ http://localhost:3004/api/aomi/api/updates:0
[ 4657171ms] [ERROR] Failed to load resource: net::ERR_CONNECTION_REFUSED @ http://localhost:3004/api/aomi/api/updates:0
[ 4667180ms] [ERROR] Failed to load resource: net::ERR_CONNECTION_REFUSED @ http://localhost:3004/api/aomi/api/updates:0
[ 4677188ms] [ERROR] Failed to load resource: net::ERR_CONNECTION_REFUSED @ http://localhost:3004/api/aomi/api/updates:0
[ 4687201ms] [ERROR] Failed to load resource: net::ERR_CONNECTION_REFUSED @ http://localhost:3004/api/aomi/api/updates:0
[ 4697212ms] [ERROR] Failed to load resource: net::ERR_CONNECTION_REFUSED @ http://localhost:3004/api/aomi/api/updates:0
[ 4707222ms] [ERROR] Failed to load resource: net::ERR_CONNECTION_REFUSED @ http://localhost:3004/api/aomi/api/updates:0
[ 4717235ms] [ERROR] Failed to load resource: net::ERR_CONNECTION_REFUSED @ http://localhost:3004/api/aomi/api/updates:0
[ 4727246ms] [ERROR] Failed to load resource: net::ERR_CONNECTION_REFUSED @ http://localhost:3004/api/aomi/api/updates:0
[ 4737262ms] [ERROR] Failed to load resource: net::ERR_CONNECTION_REFUSED @ http://localhost:3004/api/aomi/api/updates:0
[ 4747272ms] [ERROR] Failed to load resource: net::ERR_CONNECTION_REFUSED @ http://localhost:3004/api/aomi/api/updates:0
[ 4757295ms] [ERROR] Failed to load resource: net::ERR_CONNECTION_REFUSED @ http://localhost:3004/api/aomi/api/updates:0
[ 4767301ms] [ERROR] Failed to load resource: net::ERR_CONNECTION_REFUSED @ http://localhost:3004/api/aomi/api/updates:0
[ 4777308ms] [ERROR] Failed to load resource: net::ERR_CONNECTION_REFUSED @ http://localhost:3004/api/aomi/api/updates:0
[ 4787316ms] [ERROR] Failed to load resource: net::ERR_CONNECTION_REFUSED @ http://localhost:3004/api/aomi/api/updates:0
[ 4797323ms] [ERROR] Failed to load resource: net::ERR_CONNECTION_REFUSED @ http://localhost:3004/api/aomi/api/updates:0
[ 4807332ms] [ERROR] Failed to load resource: net::ERR_CONNECTION_REFUSED @ http://localhost:3004/api/aomi/api/updates:0
[ 4817353ms] [ERROR] Failed to load resource: net::ERR_CONNECTION_REFUSED @ http://localhost:3004/api/aomi/api/updates:0
[ 4827363ms] [ERROR] Failed to load resource: net::ERR_CONNECTION_REFUSED @ http://localhost:3004/api/aomi/api/updates:0
[ 4837382ms] [ERROR] Failed to load resource: net::ERR_CONNECTION_REFUSED @ http://localhost:3004/api/aomi/api/updates:0
[ 4847397ms] [ERROR] Failed to load resource: net::ERR_CONNECTION_REFUSED @ http://localhost:3004/api/aomi/api/updates:0
[ 4857408ms] [ERROR] Failed to load resource: net::ERR_CONNECTION_REFUSED @ http://localhost:3004/api/aomi/api/updates:0
[ 4867417ms] [ERROR] Failed to load resource: net::ERR_CONNECTION_REFUSED @ http://localhost:3004/api/aomi/api/updates:0
[ 4877425ms] [ERROR] Failed to load resource: net::ERR_CONNECTION_REFUSED @ http://localhost:3004/api/aomi/api/updates:0
[ 4887432ms] [ERROR] Failed to load resource: net::ERR_CONNECTION_REFUSED @ http://localhost:3004/api/aomi/api/updates:0
[ 4897442ms] [ERROR] Failed to load resource: net::ERR_CONNECTION_REFUSED @ http://localhost:3004/api/aomi/api/updates:0
[ 4907449ms] [ERROR] Failed to load resource: net::ERR_CONNECTION_REFUSED @ http://localhost:3004/api/aomi/api/updates:0
[ 4917457ms] [ERROR] Failed to load resource: net::ERR_CONNECTION_REFUSED @ http://localhost:3004/api/aomi/api/updates:0
[ 4927466ms] [ERROR] Failed to load resource: net::ERR_CONNECTION_REFUSED @ http://localhost:3004/api/aomi/api/updates:0
[ 4937478ms] [ERROR] Failed to load resource: net::ERR_CONNECTION_REFUSED @ http://localhost:3004/api/aomi/api/updates:0
[ 4947493ms] [ERROR] Failed to load resource: net::ERR_CONNECTION_REFUSED @ http://localhost:3004/api/aomi/api/updates:0
[ 4957507ms] [ERROR] Failed to load resource: net::ERR_CONNECTION_REFUSED @ http://localhost:3004/api/aomi/api/updates:0
[ 4967517ms] [ERROR] Failed to load resource: net::ERR_CONNECTION_REFUSED @ http://localhost:3004/api/aomi/api/updates:0
[ 4977527ms] [ERROR] Failed to load resource: net::ERR_CONNECTION_REFUSED @ http://localhost:3004/api/aomi/api/updates:0
[ 4987554ms] [ERROR] Failed to load resource: net::ERR_CONNECTION_REFUSED @ http://localhost:3004/api/aomi/api/updates:0
[ 4997563ms] [ERROR] Failed to load resource: net::ERR_CONNECTION_REFUSED @ http://localhost:3004/api/aomi/api/updates:0
[ 5007571ms] [ERROR] Failed to load resource: net::ERR_CONNECTION_REFUSED @ http://localhost:3004/api/aomi/api/updates:0
[ 5017580ms] [ERROR] Failed to load resource: net::ERR_CONNECTION_REFUSED @ http://localhost:3004/api/aomi/api/updates:0
[ 5027600ms] [ERROR] Failed to load resource: net::ERR_CONNECTION_REFUSED @ http://localhost:3004/api/aomi/api/updates:0
[ 5037615ms] [ERROR] Failed to load resource: net::ERR_CONNECTION_REFUSED @ http://localhost:3004/api/aomi/api/updates:0
[ 5047626ms] [ERROR] Failed to load resource: net::ERR_CONNECTION_REFUSED @ http://localhost:3004/api/aomi/api/updates:0
[ 5057633ms] [ERROR] Failed to load resource: net::ERR_CONNECTION_REFUSED @ http://localhost:3004/api/aomi/api/updates:0
[ 5067643ms] [ERROR] Failed to load resource: net::ERR_CONNECTION_REFUSED @ http://localhost:3004/api/aomi/api/updates:0
[ 5077649ms] [ERROR] Failed to load resource: net::ERR_CONNECTION_REFUSED @ http://localhost:3004/api/aomi/api/updates:0
[ 5087656ms] [ERROR] Failed to load resource: net::ERR_CONNECTION_REFUSED @ http://localhost:3004/api/aomi/api/updates:0
[ 5097664ms] [ERROR] Failed to load resource: net::ERR_CONNECTION_REFUSED @ http://localhost:3004/api/aomi/api/updates:0
[ 5107671ms] [ERROR] Failed to load resource: net::ERR_CONNECTION_REFUSED @ http://localhost:3004/api/aomi/api/updates:0
[ 5117677ms] [ERROR] Failed to load resource: net::ERR_CONNECTION_REFUSED @ http://localhost:3004/api/aomi/api/updates:0
[ 5127684ms] [ERROR] Failed to load resource: net::ERR_CONNECTION_REFUSED @ http://localhost:3004/api/aomi/api/updates:0
[ 5137690ms] [ERROR] Failed to load resource: net::ERR_CONNECTION_REFUSED @ http://localhost:3004/api/aomi/api/updates:0
[ 5147696ms] [ERROR] Failed to load resource: net::ERR_CONNECTION_REFUSED @ http://localhost:3004/api/aomi/api/updates:0
[ 5157704ms] [ERROR] Failed to load resource: net::ERR_CONNECTION_REFUSED @ http://localhost:3004/api/aomi/api/updates:0
[ 5167712ms] [ERROR] Failed to load resource: net::ERR_CONNECTION_REFUSED @ http://localhost:3004/api/aomi/api/updates:0
[ 5177720ms] [ERROR] Failed to load resource: net::ERR_CONNECTION_REFUSED @ http://localhost:3004/api/aomi/api/updates:0
[ 5187730ms] [ERROR] Failed to load resource: net::ERR_CONNECTION_REFUSED @ http://localhost:3004/api/aomi/api/updates:0
[ 5197736ms] [ERROR] Failed to load resource: net::ERR_CONNECTION_REFUSED @ http://localhost:3004/api/aomi/api/updates:0
[ 5207748ms] [ERROR] Failed to load resource: net::ERR_CONNECTION_REFUSED @ http://localhost:3004/api/aomi/api/updates:0
[ 5217755ms] [ERROR] Failed to load resource: net::ERR_CONNECTION_REFUSED @ http://localhost:3004/api/aomi/api/updates:0
[ 5227764ms] [ERROR] Failed to load resource: net::ERR_CONNECTION_REFUSED @ http://localhost:3004/api/aomi/api/updates:0
[ 5237772ms] [ERROR] Failed to load resource: net::ERR_CONNECTION_REFUSED @ http://localhost:3004/api/aomi/api/updates:0
[ 5247779ms] [ERROR] Failed to load resource: net::ERR_CONNECTION_REFUSED @ http://localhost:3004/api/aomi/api/updates:0
[ 5257787ms] [ERROR] Failed to load resource: net::ERR_CONNECTION_REFUSED @ http://localhost:3004/api/aomi/api/updates:0
[ 5267797ms] [ERROR] Failed to load resource: net::ERR_CONNECTION_REFUSED @ http://localhost:3004/api/aomi/api/updates:0
[ 5277802ms] [ERROR] Failed to load resource: net::ERR_CONNECTION_REFUSED @ http://localhost:3004/api/aomi/api/updates:0
[ 5287840ms] [ERROR] Failed to load resource: net::ERR_CONNECTION_REFUSED @ http://localhost:3004/api/aomi/api/updates:0
[ 5297854ms] [ERROR] Failed to load resource: net::ERR_CONNECTION_REFUSED @ http://localhost:3004/api/aomi/api/updates:0
[ 5307871ms] [ERROR] Failed to load resource: net::ERR_CONNECTION_REFUSED @ http://localhost:3004/api/aomi/api/updates:0
[ 5317879ms] [ERROR] Failed to load resource: net::ERR_CONNECTION_REFUSED @ http://localhost:3004/api/aomi/api/updates:0
[ 5327887ms] [ERROR] Failed to load resource: net::ERR_CONNECTION_REFUSED @ http://localhost:3004/api/aomi/api/updates:0
[ 5337919ms] [ERROR] Failed to load resource: net::ERR_CONNECTION_REFUSED @ http://localhost:3004/api/aomi/api/updates:0
[ 5347926ms] [ERROR] Failed to load resource: net::ERR_CONNECTION_REFUSED @ http://localhost:3004/api/aomi/api/updates:0
[ 5357934ms] [ERROR] Failed to load resource: net::ERR_CONNECTION_REFUSED @ http://localhost:3004/api/aomi/api/updates:0
[ 5367947ms] [ERROR] Failed to load resource: net::ERR_CONNECTION_REFUSED @ http://localhost:3004/api/aomi/api/updates:0
[ 5377958ms] [ERROR] Failed to load resource: net::ERR_CONNECTION_REFUSED @ http://localhost:3004/api/aomi/api/updates:0
[ 5387992ms] [ERROR] Failed to load resource: net::ERR_CONNECTION_REFUSED @ http://localhost:3004/api/aomi/api/updates:0
[ 5398000ms] [ERROR] Failed to load resource: net::ERR_CONNECTION_REFUSED @ http://localhost:3004/api/aomi/api/updates:0
[ 5408015ms] [ERROR] Failed to load resource: net::ERR_CONNECTION_REFUSED @ http://localhost:3004/api/aomi/api/updates:0
[ 5418028ms] [ERROR] Failed to load resource: net::ERR_CONNECTION_REFUSED @ http://localhost:3004/api/aomi/api/updates:0
[ 5428075ms] [ERROR] Failed to load resource: net::ERR_CONNECTION_REFUSED @ http://localhost:3004/api/aomi/api/updates:0
[ 5438097ms] [ERROR] Failed to load resource: net::ERR_CONNECTION_REFUSED @ http://localhost:3004/api/aomi/api/updates:0
[ 5448132ms] [ERROR] Failed to load resource: net::ERR_CONNECTION_REFUSED @ http://localhost:3004/api/aomi/api/updates:0
[ 5458162ms] [ERROR] Failed to load resource: net::ERR_CONNECTION_REFUSED @ http://localhost:3004/api/aomi/api/updates:0
[ 5468200ms] [ERROR] Failed to load resource: net::ERR_CONNECTION_REFUSED @ http://localhost:3004/api/aomi/api/updates:0
[ 5478209ms] [ERROR] Failed to load resource: net::ERR_CONNECTION_REFUSED @ http://localhost:3004/api/aomi/api/updates:0
[ 5488231ms] [ERROR] Failed to load resource: net::ERR_CONNECTION_REFUSED @ http://localhost:3004/api/aomi/api/updates:0
[ 5498245ms] [ERROR] Failed to load resource: net::ERR_CONNECTION_REFUSED @ http://localhost:3004/api/aomi/api/updates:0
[ 5508358ms] [ERROR] Failed to load resource: net::ERR_CONNECTION_REFUSED @ http://localhost:3004/api/aomi/api/updates:0
[ 5518392ms] [ERROR] Failed to load resource: net::ERR_CONNECTION_REFUSED @ http://localhost:3004/api/aomi/api/updates:0
[ 5528412ms] [ERROR] Failed to load resource: net::ERR_CONNECTION_REFUSED @ http://localhost:3004/api/aomi/api/updates:0
[ 5538433ms] [ERROR] Failed to load resource: net::ERR_CONNECTION_REFUSED @ http://localhost:3004/api/aomi/api/updates:0
[ 5548479ms] [ERROR] Failed to load resource: net::ERR_CONNECTION_REFUSED @ http://localhost:3004/api/aomi/api/updates:0
[ 5558503ms] [ERROR] Failed to load resource: net::ERR_CONNECTION_REFUSED @ http://localhost:3004/api/aomi/api/updates:0
[ 5568540ms] [ERROR] Failed to load resource: net::ERR_CONNECTION_REFUSED @ http://localhost:3004/api/aomi/api/updates:0
[ 5578612ms] [ERROR] Failed to load resource: net::ERR_CONNECTION_REFUSED @ http://localhost:3004/api/aomi/api/updates:0
[ 5588646ms] [ERROR] Failed to load resource: net::ERR_CONNECTION_REFUSED @ http://localhost:3004/api/aomi/api/updates:0
[ 5598688ms] [ERROR] Failed to load resource: net::ERR_CONNECTION_REFUSED @ http://localhost:3004/api/aomi/api/updates:0
[ 5608696ms] [ERROR] Failed to load resource: net::ERR_CONNECTION_REFUSED @ http://localhost:3004/api/aomi/api/updates:0
[ 5618721ms] [ERROR] Failed to load resource: net::ERR_CONNECTION_REFUSED @ http://localhost:3004/api/aomi/api/updates:0
[ 5628736ms] [ERROR] Failed to load resource: net::ERR_CONNECTION_REFUSED @ http://localhost:3004/api/aomi/api/updates:0
[ 5638753ms] [ERROR] Failed to load resource: net::ERR_CONNECTION_REFUSED @ http://localhost:3004/api/aomi/api/updates:0
[ 5648765ms] [ERROR] Failed to load resource: net::ERR_CONNECTION_REFUSED @ http://localhost:3004/api/aomi/api/updates:0
[ 5658772ms] [ERROR] Failed to load resource: net::ERR_CONNECTION_REFUSED @ http://localhost:3004/api/aomi/api/updates:0
[ 5668914ms] [ERROR] Failed to load resource: net::ERR_CONNECTION_REFUSED @ http://localhost:3004/api/aomi/api/updates:0
[ 5678934ms] [ERROR] Failed to load resource: net::ERR_CONNECTION_REFUSED @ http://localhost:3004/api/aomi/api/updates:0
[ 5688941ms] [ERROR] Failed to load resource: net::ERR_CONNECTION_REFUSED @ http://localhost:3004/api/aomi/api/updates:0
[ 5698947ms] [ERROR] Failed to load resource: net::ERR_CONNECTION_REFUSED @ http://localhost:3004/api/aomi/api/updates:0
[ 5708957ms] [ERROR] Failed to load resource: net::ERR_CONNECTION_REFUSED @ http://localhost:3004/api/aomi/api/updates:0
[ 5718967ms] [ERROR] Failed to load resource: net::ERR_CONNECTION_REFUSED @ http://localhost:3004/api/aomi/api/updates:0
[ 5728974ms] [ERROR] Failed to load resource: net::ERR_CONNECTION_REFUSED @ http://localhost:3004/api/aomi/api/updates:0
[ 5738983ms] [ERROR] Failed to load resource: net::ERR_CONNECTION_REFUSED @ http://localhost:3004/api/aomi/api/updates:0
[ 5748990ms] [ERROR] Failed to load resource: net::ERR_CONNECTION_REFUSED @ http://localhost:3004/api/aomi/api/updates:0
[ 5758991ms] [ERROR] Failed to load resource: net::ERR_CONNECTION_REFUSED @ http://localhost:3004/api/aomi/api/updates:0
[ 5768992ms] [ERROR] Failed to load resource: net::ERR_CONNECTION_REFUSED @ http://localhost:3004/api/aomi/api/updates:0
[ 5778995ms] [ERROR] Failed to load resource: net::ERR_CONNECTION_REFUSED @ http://localhost:3004/api/aomi/api/updates:0
[ 5789002ms] [ERROR] Failed to load resource: net::ERR_CONNECTION_REFUSED @ http://localhost:3004/api/aomi/api/updates:0
[ 5799018ms] [ERROR] Failed to load resource: net::ERR_CONNECTION_REFUSED @ http://localhost:3004/api/aomi/api/updates:0
[ 5809041ms] [ERROR] Failed to load resource: net::ERR_CONNECTION_REFUSED @ http://localhost:3004/api/aomi/api/updates:0
[ 5819048ms] [ERROR] Failed to load resource: net::ERR_CONNECTION_REFUSED @ http://localhost:3004/api/aomi/api/updates:0
[ 5829055ms] [ERROR] Failed to load resource: net::ERR_CONNECTION_REFUSED @ http://localhost:3004/api/aomi/api/updates:0
[ 5839063ms] [ERROR] Failed to load resource: net::ERR_CONNECTION_REFUSED @ http://localhost:3004/api/aomi/api/updates:0
[ 5849075ms] [ERROR] Failed to load resource: net::ERR_CONNECTION_REFUSED @ http://localhost:3004/api/aomi/api/updates:0
[ 5859087ms] [ERROR] Failed to load resource: net::ERR_CONNECTION_REFUSED @ http://localhost:3004/api/aomi/api/updates:0
[ 5869096ms] [ERROR] Failed to load resource: net::ERR_CONNECTION_REFUSED @ http://localhost:3004/api/aomi/api/updates:0
[ 5879106ms] [ERROR] Failed to load resource: net::ERR_CONNECTION_REFUSED @ http://localhost:3004/api/aomi/api/updates:0
[ 5889113ms] [ERROR] Failed to load resource: net::ERR_CONNECTION_REFUSED @ http://localhost:3004/api/aomi/api/updates:0
[ 5899124ms] [ERROR] Failed to load resource: net::ERR_CONNECTION_REFUSED @ http://localhost:3004/api/aomi/api/updates:0
[ 5909133ms] [ERROR] Failed to load resource: net::ERR_CONNECTION_REFUSED @ http://localhost:3004/api/aomi/api/updates:0
[ 5919157ms] [ERROR] Failed to load resource: net::ERR_CONNECTION_REFUSED @ http://localhost:3004/api/aomi/api/updates:0
[ 5929167ms] [ERROR] Failed to load resource: net::ERR_CONNECTION_REFUSED @ http://localhost:3004/api/aomi/api/updates:0
[ 5939184ms] [ERROR] Failed to load resource: net::ERR_CONNECTION_REFUSED @ http://localhost:3004/api/aomi/api/updates:0
[ 5949200ms] [ERROR] Failed to load resource: net::ERR_CONNECTION_REFUSED @ http://localhost:3004/api/aomi/api/updates:0
[ 5959203ms] [ERROR] Failed to load resource: net::ERR_CONNECTION_REFUSED @ http://localhost:3004/api/aomi/api/updates:0
[ 5969209ms] [ERROR] Failed to load resource: net::ERR_CONNECTION_REFUSED @ http://localhost:3004/api/aomi/api/updates:0
[ 5979214ms] [ERROR] Failed to load resource: net::ERR_CONNECTION_REFUSED @ http://localhost:3004/api/aomi/api/updates:0
[ 5989226ms] [ERROR] Failed to load resource: net::ERR_CONNECTION_REFUSED @ http://localhost:3004/api/aomi/api/updates:0
[ 5999234ms] [ERROR] Failed to load resource: net::ERR_CONNECTION_REFUSED @ http://localhost:3004/api/aomi/api/updates:0
[ 6009240ms] [ERROR] Failed to load resource: net::ERR_CONNECTION_REFUSED @ http://localhost:3004/api/aomi/api/updates:0
[ 6019246ms] [ERROR] Failed to load resource: net::ERR_CONNECTION_REFUSED @ http://localhost:3004/api/aomi/api/updates:0
[ 6029257ms] [ERROR] Failed to load resource: net::ERR_CONNECTION_REFUSED @ http://localhost:3004/api/aomi/api/updates:0
[ 6039278ms] [ERROR] Failed to load resource: net::ERR_CONNECTION_REFUSED @ http://localhost:3004/api/aomi/api/updates:0
[ 6049285ms] [ERROR] Failed to load resource: net::ERR_CONNECTION_REFUSED @ http://localhost:3004/api/aomi/api/updates:0
[ 6059297ms] [ERROR] Failed to load resource: net::ERR_CONNECTION_REFUSED @ http://localhost:3004/api/aomi/api/updates:0
[ 6069307ms] [ERROR] Failed to load resource: net::ERR_CONNECTION_REFUSED @ http://localhost:3004/api/aomi/api/updates:0
[ 6079320ms] [ERROR] Failed to load resource: net::ERR_CONNECTION_REFUSED @ http://localhost:3004/api/aomi/api/updates:0
[ 6089328ms] [ERROR] Failed to load resource: net::ERR_CONNECTION_REFUSED @ http://localhost:3004/api/aomi/api/updates:0
[ 6099332ms] [ERROR] Failed to load resource: net::ERR_CONNECTION_REFUSED @ http://localhost:3004/api/aomi/api/updates:0
[ 6109340ms] [ERROR] Failed to load resource: net::ERR_CONNECTION_REFUSED @ http://localhost:3004/api/aomi/api/updates:0
[ 6119345ms] [ERROR] Failed to load resource: net::ERR_CONNECTION_REFUSED @ http://localhost:3004/api/aomi/api/updates:0
[ 6129352ms] [ERROR] Failed to load resource: net::ERR_CONNECTION_REFUSED @ http://localhost:3004/api/aomi/api/updates:0
[ 6139355ms] [ERROR] Failed to load resource: net::ERR_CONNECTION_REFUSED @ http://localhost:3004/api/aomi/api/updates:0
[ 6149360ms] [ERROR] Failed to load resource: net::ERR_CONNECTION_REFUSED @ http://localhost:3004/api/aomi/api/updates:0
[ 6159369ms] [ERROR] Failed to load resource: net::ERR_CONNECTION_REFUSED @ http://localhost:3004/api/aomi/api/updates:0
[ 6169381ms] [ERROR] Failed to load resource: net::ERR_CONNECTION_REFUSED @ http://localhost:3004/api/aomi/api/updates:0
[ 6179393ms] [ERROR] Failed to load resource: net::ERR_CONNECTION_REFUSED @ http://localhost:3004/api/aomi/api/updates:0
[ 6189474ms] [ERROR] Failed to load resource: net::ERR_CONNECTION_REFUSED @ http://localhost:3004/api/aomi/api/updates:0
[ 6199481ms] [ERROR] Failed to load resource: net::ERR_CONNECTION_REFUSED @ http://localhost:3004/api/aomi/api/updates:0
[ 6209487ms] [ERROR] Failed to load resource: net::ERR_CONNECTION_REFUSED @ http://localhost:3004/api/aomi/api/updates:0
[ 6219494ms] [ERROR] Failed to load resource: net::ERR_CONNECTION_REFUSED @ http://localhost:3004/api/aomi/api/updates:0
[ 6229499ms] [ERROR] Failed to load resource: net::ERR_CONNECTION_REFUSED @ http://localhost:3004/api/aomi/api/updates:0
[ 6239506ms] [ERROR] Failed to load resource: net::ERR_CONNECTION_REFUSED @ http://localhost:3004/api/aomi/api/updates:0
[ 6249519ms] [ERROR] Failed to load resource: net::ERR_CONNECTION_REFUSED @ http://localhost:3004/api/aomi/api/updates:0
[ 6259545ms] [ERROR] Failed to load resource: net::ERR_CONNECTION_REFUSED @ http://localhost:3004/api/aomi/api/updates:0
[ 6269559ms] [ERROR] Failed to load resource: net::ERR_CONNECTION_REFUSED @ http://localhost:3004/api/aomi/api/updates:0
[ 6279572ms] [ERROR] Failed to load resource: net::ERR_CONNECTION_REFUSED @ http://localhost:3004/api/aomi/api/updates:0
[ 6289577ms] [ERROR] Failed to load resource: net::ERR_CONNECTION_REFUSED @ http://localhost:3004/api/aomi/api/updates:0
[ 6299586ms] [ERROR] Failed to load resource: net::ERR_CONNECTION_REFUSED @ http://localhost:3004/api/aomi/api/updates:0
[ 6309596ms] [ERROR] Failed to load resource: net::ERR_CONNECTION_REFUSED @ http://localhost:3004/api/aomi/api/updates:0
[ 6319600ms] [ERROR] Failed to load resource: net::ERR_CONNECTION_REFUSED @ http://localhost:3004/api/aomi/api/updates:0
[ 6329603ms] [ERROR] Failed to load resource: net::ERR_CONNECTION_REFUSED @ http://localhost:3004/api/aomi/api/updates:0
[ 6339608ms] [ERROR] Failed to load resource: net::ERR_CONNECTION_REFUSED @ http://localhost:3004/api/aomi/api/updates:0
[ 6349612ms] [ERROR] Failed to load resource: net::ERR_CONNECTION_REFUSED @ http://localhost:3004/api/aomi/api/updates:0
[ 6359635ms] [ERROR] Failed to load resource: net::ERR_CONNECTION_REFUSED @ http://localhost:3004/api/aomi/api/updates:0
[ 6369654ms] [ERROR] Failed to load resource: net::ERR_CONNECTION_REFUSED @ http://localhost:3004/api/aomi/api/updates:0
[ 6379670ms] [ERROR] Failed to load resource: net::ERR_CONNECTION_REFUSED @ http://localhost:3004/api/aomi/api/updates:0
[ 6389681ms] [ERROR] Failed to load resource: net::ERR_CONNECTION_REFUSED @ http://localhost:3004/api/aomi/api/updates:0
[ 6399692ms] [ERROR] Failed to load resource: net::ERR_CONNECTION_REFUSED @ http://localhost:3004/api/aomi/api/updates:0
[ 6409732ms] [ERROR] Failed to load resource: net::ERR_CONNECTION_REFUSED @ http://localhost:3004/api/aomi/api/updates:0
[ 6419739ms] [ERROR] Failed to load resource: net::ERR_CONNECTION_REFUSED @ http://localhost:3004/api/aomi/api/updates:0
[ 6429745ms] [ERROR] Failed to load resource: net::ERR_CONNECTION_REFUSED @ http://localhost:3004/api/aomi/api/updates:0
[ 6439752ms] [ERROR] Failed to load resource: net::ERR_CONNECTION_REFUSED @ http://localhost:3004/api/aomi/api/updates:0
[ 6449757ms] [ERROR] Failed to load resource: net::ERR_CONNECTION_REFUSED @ http://localhost:3004/api/aomi/api/updates:0
[ 6459770ms] [ERROR] Failed to load resource: net::ERR_CONNECTION_REFUSED @ http://localhost:3004/api/aomi/api/updates:0
[ 6469784ms] [ERROR] Failed to load resource: net::ERR_CONNECTION_REFUSED @ http://localhost:3004/api/aomi/api/updates:0
[ 6479791ms] [ERROR] Failed to load resource: net::ERR_CONNECTION_REFUSED @ http://localhost:3004/api/aomi/api/updates:0
[ 6489803ms] [ERROR] Failed to load resource: net::ERR_CONNECTION_REFUSED @ http://localhost:3004/api/aomi/api/updates:0
[ 6499813ms] [ERROR] Failed to load resource: net::ERR_CONNECTION_REFUSED @ http://localhost:3004/api/aomi/api/updates:0
[ 6509823ms] [ERROR] Failed to load resource: net::ERR_CONNECTION_REFUSED @ http://localhost:3004/api/aomi/api/updates:0
[ 6519837ms] [ERROR] Failed to load resource: net::ERR_CONNECTION_REFUSED @ http://localhost:3004/api/aomi/api/updates:0
[ 6529900ms] [ERROR] Failed to load resource: net::ERR_CONNECTION_REFUSED @ http://localhost:3004/api/aomi/api/updates:0
[ 6539911ms] [ERROR] Failed to load resource: net::ERR_CONNECTION_REFUSED @ http://localhost:3004/api/aomi/api/updates:0
[ 6549927ms] [ERROR] Failed to load resource: net::ERR_CONNECTION_REFUSED @ http://localhost:3004/api/aomi/api/updates:0
[ 6559943ms] [ERROR] Failed to load resource: net::ERR_CONNECTION_REFUSED @ http://localhost:3004/api/aomi/api/updates:0
[ 6569956ms] [ERROR] Failed to load resource: net::ERR_CONNECTION_REFUSED @ http://localhost:3004/api/aomi/api/updates:0
[ 6579963ms] [ERROR] Failed to load resource: net::ERR_CONNECTION_REFUSED @ http://localhost:3004/api/aomi/api/updates:0
[ 6589974ms] [ERROR] Failed to load resource: net::ERR_CONNECTION_REFUSED @ http://localhost:3004/api/aomi/api/updates:0
[ 6599981ms] [ERROR] Failed to load resource: net::ERR_CONNECTION_REFUSED @ http://localhost:3004/api/aomi/api/updates:0
[ 6609993ms] [ERROR] Failed to load resource: net::ERR_CONNECTION_REFUSED @ http://localhost:3004/api/aomi/api/updates:0
[ 6620003ms] [ERROR] Failed to load resource: net::ERR_CONNECTION_REFUSED @ http://localhost:3004/api/aomi/api/updates:0
[ 6630010ms] [ERROR] Failed to load resource: net::ERR_CONNECTION_REFUSED @ http://localhost:3004/api/aomi/api/updates:0
[ 6640043ms] [ERROR] Failed to load resource: net::ERR_CONNECTION_REFUSED @ http://localhost:3004/api/aomi/api/updates:0
[ 6650053ms] [ERROR] Failed to load resource: net::ERR_CONNECTION_REFUSED @ http://localhost:3004/api/aomi/api/updates:0
[ 6660083ms] [ERROR] Failed to load resource: net::ERR_CONNECTION_REFUSED @ http://localhost:3004/api/aomi/api/updates:0
[ 6670091ms] [ERROR] Failed to load resource: net::ERR_CONNECTION_REFUSED @ http://localhost:3004/api/aomi/api/updates:0
[ 6680104ms] [ERROR] Failed to load resource: net::ERR_CONNECTION_REFUSED @ http://localhost:3004/api/aomi/api/updates:0
[ 6690127ms] [ERROR] Failed to load resource: net::ERR_CONNECTION_REFUSED @ http://localhost:3004/api/aomi/api/updates:0
[ 6700142ms] [ERROR] Failed to load resource: net::ERR_CONNECTION_REFUSED @ http://localhost:3004/api/aomi/api/updates:0
[ 6710089ms] [ERROR] Failed to load resource: net::ERR_CONNECTION_REFUSED @ http://localhost:3004/api/aomi/api/updates:0
[ 6720104ms] [ERROR] Failed to load resource: net::ERR_CONNECTION_REFUSED @ http://localhost:3004/api/aomi/api/updates:0
[ 6730119ms] [ERROR] Failed to load resource: net::ERR_CONNECTION_REFUSED @ http://localhost:3004/api/aomi/api/updates:0
[ 6740130ms] [ERROR] Failed to load resource: net::ERR_CONNECTION_REFUSED @ http://localhost:3004/api/aomi/api/updates:0
[ 6750154ms] [ERROR] Failed to load resource: net::ERR_CONNECTION_REFUSED @ http://localhost:3004/api/aomi/api/updates:0
[ 6760162ms] [ERROR] Failed to load resource: net::ERR_CONNECTION_REFUSED @ http://localhost:3004/api/aomi/api/updates:0
[ 6770169ms] [ERROR] Failed to load resource: net::ERR_CONNECTION_REFUSED @ http://localhost:3004/api/aomi/api/updates:0
[ 6780177ms] [ERROR] Failed to load resource: net::ERR_CONNECTION_REFUSED @ http://localhost:3004/api/aomi/api/updates:0
[ 6790185ms] [ERROR] Failed to load resource: net::ERR_CONNECTION_REFUSED @ http://localhost:3004/api/aomi/api/updates:0
[ 6800192ms] [ERROR] Failed to load resource: net::ERR_CONNECTION_REFUSED @ http://localhost:3004/api/aomi/api/updates:0
[ 6810202ms] [ERROR] Failed to load resource: net::ERR_CONNECTION_REFUSED @ http://localhost:3004/api/aomi/api/updates:0
[ 6820211ms] [ERROR] Failed to load resource: net::ERR_CONNECTION_REFUSED @ http://localhost:3004/api/aomi/api/updates:0
[ 6830222ms] [ERROR] Failed to load resource: net::ERR_CONNECTION_REFUSED @ http://localhost:3004/api/aomi/api/updates:0
[ 6840228ms] [ERROR] Failed to load resource: net::ERR_CONNECTION_REFUSED @ http://localhost:3004/api/aomi/api/updates:0
[ 6850238ms] [ERROR] Failed to load resource: net::ERR_CONNECTION_REFUSED @ http://localhost:3004/api/aomi/api/updates:0
[ 6860245ms] [ERROR] Failed to load resource: net::ERR_CONNECTION_REFUSED @ http://localhost:3004/api/aomi/api/updates:0
[ 6870254ms] [ERROR] Failed to load resource: net::ERR_CONNECTION_REFUSED @ http://localhost:3004/api/aomi/api/updates:0
[ 6880264ms] [ERROR] Failed to load resource: net::ERR_CONNECTION_REFUSED @ http://localhost:3004/api/aomi/api/updates:0
[ 6890270ms] [ERROR] Failed to load resource: net::ERR_CONNECTION_REFUSED @ http://localhost:3004/api/aomi/api/updates:0
[ 6900278ms] [ERROR] Failed to load resource: net::ERR_CONNECTION_REFUSED @ http://localhost:3004/api/aomi/api/updates:0
[ 6910289ms] [ERROR] Failed to load resource: net::ERR_CONNECTION_REFUSED @ http://localhost:3004/api/aomi/api/updates:0
[ 6920295ms] [ERROR] Failed to load resource: net::ERR_CONNECTION_REFUSED @ http://localhost:3004/api/aomi/api/updates:0
[ 6930302ms] [ERROR] Failed to load resource: net::ERR_CONNECTION_REFUSED @ http://localhost:3004/api/aomi/api/updates:0
[ 6940306ms] [ERROR] Failed to load resource: net::ERR_CONNECTION_REFUSED @ http://localhost:3004/api/aomi/api/updates:0
[ 6950353ms] [ERROR] Failed to load resource: net::ERR_CONNECTION_REFUSED @ http://localhost:3004/api/aomi/api/updates:0
[ 6960365ms] [ERROR] Failed to load resource: net::ERR_CONNECTION_REFUSED @ http://localhost:3004/api/aomi/api/updates:0
[ 6970373ms] [ERROR] Failed to load resource: net::ERR_CONNECTION_REFUSED @ http://localhost:3004/api/aomi/api/updates:0
[ 6980380ms] [ERROR] Failed to load resource: net::ERR_CONNECTION_REFUSED @ http://localhost:3004/api/aomi/api/updates:0
[ 6990391ms] [ERROR] Failed to load resource: net::ERR_CONNECTION_REFUSED @ http://localhost:3004/api/aomi/api/updates:0
[ 7000407ms] [ERROR] Failed to load resource: net::ERR_CONNECTION_REFUSED @ http://localhost:3004/api/aomi/api/updates:0
[ 7010418ms] [ERROR] Failed to load resource: net::ERR_CONNECTION_REFUSED @ http://localhost:3004/api/aomi/api/updates:0
[ 7020432ms] [ERROR] Failed to load resource: net::ERR_CONNECTION_REFUSED @ http://localhost:3004/api/aomi/api/updates:0
[ 7030444ms] [ERROR] Failed to load resource: net::ERR_CONNECTION_REFUSED @ http://localhost:3004/api/aomi/api/updates:0
[ 7040457ms] [ERROR] Failed to load resource: net::ERR_CONNECTION_REFUSED @ http://localhost:3004/api/aomi/api/updates:0
[ 7050465ms] [ERROR] Failed to load resource: net::ERR_CONNECTION_REFUSED @ http://localhost:3004/api/aomi/api/updates:0
[ 7060474ms] [ERROR] Failed to load resource: net::ERR_CONNECTION_REFUSED @ http://localhost:3004/api/aomi/api/updates:0
[ 7070481ms] [ERROR] Failed to load resource: net::ERR_CONNECTION_REFUSED @ http://localhost:3004/api/aomi/api/updates:0
[ 7080493ms] [ERROR] Failed to load resource: net::ERR_CONNECTION_REFUSED @ http://localhost:3004/api/aomi/api/updates:0
[ 7090507ms] [ERROR] Failed to load resource: net::ERR_CONNECTION_REFUSED @ http://localhost:3004/api/aomi/api/updates:0
[ 7100515ms] [ERROR] Failed to load resource: net::ERR_CONNECTION_REFUSED @ http://localhost:3004/api/aomi/api/updates:0
[ 7110526ms] [ERROR] Failed to load resource: net::ERR_CONNECTION_REFUSED @ http://localhost:3004/api/aomi/api/updates:0
[ 7120537ms] [ERROR] Failed to load resource: net::ERR_CONNECTION_REFUSED @ http://localhost:3004/api/aomi/api/updates:0
[ 7130549ms] [ERROR] Failed to load resource: net::ERR_CONNECTION_REFUSED @ http://localhost:3004/api/aomi/api/updates:0
[ 7140555ms] [ERROR] Failed to load resource: net::ERR_CONNECTION_REFUSED @ http://localhost:3004/api/aomi/api/updates:0
[ 7150573ms] [ERROR] Failed to load resource: net::ERR_CONNECTION_REFUSED @ http://localhost:3004/api/aomi/api/updates:0
[ 7160590ms] [ERROR] Failed to load resource: net::ERR_CONNECTION_REFUSED @ http://localhost:3004/api/aomi/api/updates:0
[ 7170600ms] [ERROR] Failed to load resource: net::ERR_CONNECTION_REFUSED @ http://localhost:3004/api/aomi/api/updates:0
[ 7180606ms] [ERROR] Failed to load resource: net::ERR_CONNECTION_REFUSED @ http://localhost:3004/api/aomi/api/updates:0
[ 7190617ms] [ERROR] Failed to load resource: net::ERR_CONNECTION_REFUSED @ http://localhost:3004/api/aomi/api/updates:0
[ 7200623ms] [ERROR] Failed to load resource: net::ERR_CONNECTION_REFUSED @ http://localhost:3004/api/aomi/api/updates:0
[ 7210629ms] [ERROR] Failed to load resource: net::ERR_CONNECTION_REFUSED @ http://localhost:3004/api/aomi/api/updates:0
[ 7220632ms] [ERROR] Failed to load resource: net::ERR_CONNECTION_REFUSED @ http://localhost:3004/api/aomi/api/updates:0
[ 7230636ms] [ERROR] Failed to load resource: net::ERR_CONNECTION_REFUSED @ http://localhost:3004/api/aomi/api/updates:0
[ 7240642ms] [ERROR] Failed to load resource: net::ERR_CONNECTION_REFUSED @ http://localhost:3004/api/aomi/api/updates:0
[ 7250653ms] [ERROR] Failed to load resource: net::ERR_CONNECTION_REFUSED @ http://localhost:3004/api/aomi/api/updates:0
[ 7260668ms] [ERROR] Failed to load resource: net::ERR_CONNECTION_REFUSED @ http://localhost:3004/api/aomi/api/updates:0
[ 7270677ms] [ERROR] Failed to load resource: net::ERR_CONNECTION_REFUSED @ http://localhost:3004/api/aomi/api/updates:0
[ 7280687ms] [ERROR] Failed to load resource: net::ERR_CONNECTION_REFUSED @ http://localhost:3004/api/aomi/api/updates:0
[ 7290694ms] [ERROR] Failed to load resource: net::ERR_CONNECTION_REFUSED @ http://localhost:3004/api/aomi/api/updates:0
[ 7300701ms] [ERROR] Failed to load resource: net::ERR_CONNECTION_REFUSED @ http://localhost:3004/api/aomi/api/updates:0
[ 7310709ms] [ERROR] Failed to load resource: net::ERR_CONNECTION_REFUSED @ http://localhost:3004/api/aomi/api/updates:0
[ 7320719ms] [ERROR] Failed to load resource: net::ERR_CONNECTION_REFUSED @ http://localhost:3004/api/aomi/api/updates:0
[ 7330733ms] [ERROR] Failed to load resource: net::ERR_CONNECTION_REFUSED @ http://localhost:3004/api/aomi/api/updates:0
[ 7340747ms] [ERROR] Failed to load resource: net::ERR_CONNECTION_REFUSED @ http://localhost:3004/api/aomi/api/updates:0
[ 7350767ms] [ERROR] Failed to load resource: net::ERR_CONNECTION_REFUSED @ http://localhost:3004/api/aomi/api/updates:0
[ 7360774ms] [ERROR] Failed to load resource: net::ERR_CONNECTION_REFUSED @ http://localhost:3004/api/aomi/api/updates:0
[ 7370784ms] [ERROR] Failed to load resource: net::ERR_CONNECTION_REFUSED @ http://localhost:3004/api/aomi/api/updates:0
[ 7380794ms] [ERROR] Failed to load resource: net::ERR_CONNECTION_REFUSED @ http://localhost:3004/api/aomi/api/updates:0
[ 7390805ms] [ERROR] Failed to load resource: net::ERR_CONNECTION_REFUSED @ http://localhost:3004/api/aomi/api/updates:0
[ 7400817ms] [ERROR] Failed to load resource: net::ERR_CONNECTION_REFUSED @ http://localhost:3004/api/aomi/api/updates:0
[ 7410829ms] [ERROR] Failed to load resource: net::ERR_CONNECTION_REFUSED @ http://localhost:3004/api/aomi/api/updates:0
[ 7420836ms] [ERROR] Failed to load resource: net::ERR_CONNECTION_REFUSED @ http://localhost:3004/api/aomi/api/updates:0
[ 7430841ms] [ERROR] Failed to load resource: net::ERR_CONNECTION_REFUSED @ http://localhost:3004/api/aomi/api/updates:0
[ 7440849ms] [ERROR] Failed to load resource: net::ERR_CONNECTION_REFUSED @ http://localhost:3004/api/aomi/api/updates:0
[ 7450856ms] [ERROR] Failed to load resource: net::ERR_CONNECTION_REFUSED @ http://localhost:3004/api/aomi/api/updates:0
[ 7460863ms] [ERROR] Failed to load resource: net::ERR_CONNECTION_REFUSED @ http://localhost:3004/api/aomi/api/updates:0
[ 7470871ms] [ERROR] Failed to load resource: net::ERR_CONNECTION_REFUSED @ http://localhost:3004/api/aomi/api/updates:0
[ 7480886ms] [ERROR] Failed to load resource: net::ERR_CONNECTION_REFUSED @ http://localhost:3004/api/aomi/api/updates:0
[ 7490933ms] [ERROR] Failed to load resource: net::ERR_CONNECTION_REFUSED @ http://localhost:3004/api/aomi/api/updates:0
[ 7500939ms] [ERROR] Failed to load resource: net::ERR_CONNECTION_REFUSED @ http://localhost:3004/api/aomi/api/updates:0
[ 7510949ms] [ERROR] Failed to load resource: net::ERR_CONNECTION_REFUSED @ http://localhost:3004/api/aomi/api/updates:0
[ 7520953ms] [ERROR] Failed to load resource: net::ERR_CONNECTION_REFUSED @ http://localhost:3004/api/aomi/api/updates:0
[ 7530957ms] [ERROR] Failed to load resource: net::ERR_CONNECTION_REFUSED @ http://localhost:3004/api/aomi/api/updates:0
[ 7540961ms] [ERROR] Failed to load resource: net::ERR_CONNECTION_REFUSED @ http://localhost:3004/api/aomi/api/updates:0
