[   50098ms] [INFO] %cDownload the React DevTools for a better development experience: https://reactjs.org/link/react-devtools font-weight:bold @ webpack-internal:///(app-pages-browser)/./node_modules/next/dist/compiled/react-dom/cjs/react-dom.development.js:38559
[   50538ms] [ERROR] Failed to load resource: the server responded with a status of 404 (Not Found) @ http://localhost:3004/favicon.ico:0
[   50574ms] [INFO] [ModelSelect] fetch attempt start {attempt: 0, sessionId: 6ab6fcd2-20a8-41a1-85c0-5e101299569e, clientId: dafc3394-7757-4a63-8afe-c547cf4aa698} @ webpack-internal:///(app-pages-browser)/./components/control-bar/model-select.tsx:61
[   50585ms] [INFO] [ModelSelect] fetch attempt start {attempt: 0, sessionId: 6ab6fcd2-20a8-41a1-85c0-5e101299569e, clientId: dafc3394-7757-4a63-8afe-c547cf4aa698} @ webpack-internal:///(app-pages-browser)/./components/control-bar/model-select.tsx:61
[   50645ms] [WARNING] ./node_modules/@metamask/sdk/dist/browser/es/metamask-sdk.js
Module not found: Can't resolve '@react-native-async-storage/async-storage' in '/Users/gordianetim/Downloads/aomi/node_modules/@metamask/sdk/dist/browser/es' @ webpack-internal:///(app-pages-browser)/./node_modules/next/dist/client/components/react-dev-overlay/app/hot-reloader-client.js:226
[   50645ms] [WARNING] ./node_modules/viem/node_modules/ox/_esm/tempo/internal/virtualMasterPool.js
Critical dependency: the request of a dependency is an expression @ webpack-internal:///(app-pages-browser)/./node_modules/next/dist/client/components/react-dev-overlay/app/hot-reloader-client.js:226
[   51200ms] [ERROR] Access to fetch at 'https://api.aomi.dev/api/state?client_id=dafc3394-7757-4a63-8afe-c547cf4aa698' from origin 'http://localhost:3004' has been blocked by CORS policy: Response to preflight request doesn't pass access control check: No 'Access-Control-Allow-Origin' header is present on the requested resource. @ http://localhost:3004/:0
[   51201ms] [ERROR] Failed to load resource: net::ERR_FAILED @ https://api.aomi.dev/api/state?client_id=dafc3394-7757-4a63-8afe-c547cf4aa698:0
[   51201ms] [ERROR] [ModelSelect] bootstrapSessionState failed {attempt: 0, sessionId: 6ab6fcd2-20a8-41a1-85c0-5e101299569e, clientId: dafc3394-7757-4a63-8afe-c547cf4aa698, error: TypeError: Failed to fetch
    at bootstrapSessionState (webpack-internal:///(app-pages-browser)/./…} @ webpack-internal:///(app-pages-browser)/./node_modules/next/dist/client/app-index.js:32
[   51202ms] [ERROR] Access to fetch at 'https://api.aomi.dev/api/state?client_id=dafc3394-7757-4a63-8afe-c547cf4aa698' from origin 'http://localhost:3004' has been blocked by CORS policy: Response to preflight request doesn't pass access control check: No 'Access-Control-Allow-Origin' header is present on the requested resource. @ http://localhost:3004/:0
[   51202ms] [ERROR] Failed to load resource: net::ERR_FAILED @ https://api.aomi.dev/api/state?client_id=dafc3394-7757-4a63-8afe-c547cf4aa698:0
[   51202ms] [ERROR] [ModelSelect] bootstrapSessionState failed {attempt: 0, sessionId: 6ab6fcd2-20a8-41a1-85c0-5e101299569e, clientId: dafc3394-7757-4a63-8afe-c547cf4aa698, error: TypeError: Failed to fetch
    at bootstrapSessionState (webpack-internal:///(app-pages-browser)/./…} @ webpack-internal:///(app-pages-browser)/./node_modules/next/dist/client/app-index.js:32
[   63220ms] [INFO] [ModelSelect] getAuthorizedApps result {attempt: 0, sessionId: 6ab6fcd2-20a8-41a1-85c0-5e101299569e, count: 26, apps: Array(26)} @ webpack-internal:///(app-pages-browser)/./components/control-bar/model-select.tsx:84
[   64119ms] [INFO] [ModelSelect] getAuthorizedApps result {attempt: 0, sessionId: 6ab6fcd2-20a8-41a1-85c0-5e101299569e, count: 26, apps: Array(26)} @ webpack-internal:///(app-pages-browser)/./components/control-bar/model-select.tsx:84
[   64457ms] [INFO] [ModelSelect] getAvailableModels result {attempt: 0, sessionId: 6ab6fcd2-20a8-41a1-85c0-5e101299569e, count: 15, models: Array(15)} @ webpack-internal:///(app-pages-browser)/./components/control-bar/model-select.tsx:99
[   64959ms] [INFO] [ModelSelect] getAvailableModels result {attempt: 0, sessionId: 6ab6fcd2-20a8-41a1-85c0-5e101299569e, count: 15, models: Array(15)} @ webpack-internal:///(app-pages-browser)/./components/control-bar/model-select.tsx:99
[  101158ms] [LOG] [Fast Refresh] rebuilding @ webpack-internal:///(app-pages-browser)/./node_modules/next/dist/client/components/react-dev-overlay/app/hot-reloader-client.js:186
